0 verbose cli /usr/local/bin/node /usr/local/bin/npm
1 info using npm@11.9.0
2 info using node@v24.14.0
3 silly config load:file:/usr/local/lib/node_modules/npm/npmrc
4 silly config load:file:/Users/kumareshsingha/Hold Up Retail Solutions/.npmrc
5 silly config load:file:/Users/kumareshsingha/.npmrc
6 silly config load:file:/usr/local/etc/npmrc
7 verbose title npm install ts-node
8 verbose argv "install" "--save-dev" "ts-node"
9 verbose logfile logs-max:10 dir:/Users/kumareshsingha/Hold Up Retail Solutions/.npm-cache/_logs/2026-02-27T15_57_31_086Z-
10 verbose logfile /Users/kumareshsingha/Hold Up Retail Solutions/.npm-cache/_logs/2026-02-27T15_57_31_086Z-debug-0.log
11 silly logfile done cleaning log files
12 silly packumentCache heap:2348810240 maxSize:587202560 maxEntrySize:293601280
13 verbose shrinkwrap failed to load node_modules/.package-lock.json out of date, updated: node_modules
14 silly idealTree buildDeps
15 silly fetch manifest ts-node@*
16 silly packumentCache full:https://registry.npmjs.org/ts-node cache-miss
17 http fetch GET 200 https://registry.npmjs.org/ts-node 561ms (cache miss)
18 silly packumentCache full:https://registry.npmjs.org/ts-node set size:undefined disposed:false
19 silly fetch manifest @swc/core@>=1.2.50
20 silly packumentCache full:https://registry.npmjs.org/@swc%2fcore cache-miss
21 http fetch GET 200 https://registry.npmjs.org/@swc%2fcore 258ms (cache miss)
22 silly packumentCache full:https://registry.npmjs.org/@swc%2fcore set size:undefined disposed:false
23 silly fetch manifest @swc/helpers@>=0.5.17
24 silly packumentCache full:https://registry.npmjs.org/@swc%2fhelpers cache-miss
25 http fetch GET 200 https://registry.npmjs.org/@swc%2fhelpers 124ms (cache miss)
26 silly packumentCache full:https://registry.npmjs.org/@swc%2fhelpers set size:undefined disposed:false
27 silly fetch manifest @swc/wasm@>=1.2.50
28 silly packumentCache full:https://registry.npmjs.org/@swc%2fwasm cache-miss
29 http fetch GET 200 https://registry.npmjs.org/@swc%2fwasm 228ms (cache miss)
30 silly packumentCache full:https://registry.npmjs.org/@swc%2fwasm set size:undefined disposed:false
31 silly fetch manifest @types/node@^20
32 silly packumentCache full:https://registry.npmjs.org/@types%2fnode cache-miss
33 http fetch GET 200 https://registry.npmjs.org/@types%2fnode 268ms (cache miss)
34 silly packumentCache full:https://registry.npmjs.org/@types%2fnode set size:undefined disposed:false
35 silly fetch manifest typescript@^5
36 silly packumentCache full:https://registry.npmjs.org/typescript cache-miss
37 http fetch GET 200 https://registry.npmjs.org/typescript 468ms (cache miss)
38 silly packumentCache full:https://registry.npmjs.org/typescript set size:undefined disposed:false
39 silly placeDep ROOT ts-node@10.9.2 OK for: temp-app@0.1.0 want: *
40 silly fetch manifest yn@3.1.1
41 silly packumentCache full:https://registry.npmjs.org/yn cache-miss
42 silly fetch manifest arg@^4.1.0
43 silly packumentCache full:https://registry.npmjs.org/arg cache-miss
44 silly fetch manifest diff@^4.0.1
45 silly packumentCache full:https://registry.npmjs.org/diff cache-miss
46 silly fetch manifest acorn-walk@^8.1.1
47 silly packumentCache full:https://registry.npmjs.org/acorn-walk cache-miss
48 silly fetch manifest make-error@^1.1.1
49 silly packumentCache full:https://registry.npmjs.org/make-error cache-miss
50 silly fetch manifest create-require@^1.1.0
51 silly packumentCache full:https://registry.npmjs.org/create-require cache-miss
52 silly fetch manifest @tsconfig/node10@^1.0.7
53 silly packumentCache full:https://registry.npmjs.org/@tsconfig%2fnode10 cache-miss
54 http fetch GET 200 https://registry.npmjs.org/yn 168ms (cache miss)
55 silly packumentCache full:https://registry.npmjs.org/yn set size:undefined disposed:false
56 silly fetch manifest @tsconfig/node12@^1.0.7
57 silly packumentCache full:https://registry.npmjs.org/@tsconfig%2fnode12 cache-miss
58 http fetch GET 200 https://registry.npmjs.org/@tsconfig%2fnode12 114ms (cache miss)
59 silly packumentCache full:https://registry.npmjs.org/@tsconfig%2fnode12 set size:undefined disposed:false
60 silly fetch manifest @tsconfig/node14@^1.0.0
61 silly packumentCache full:https://registry.npmjs.org/@tsconfig%2fnode14 cache-miss
62 http fetch GET 200 https://registry.npmjs.org/@tsconfig%2fnode10 372ms (cache miss)
63 silly packumentCache full:https://registry.npmjs.org/@tsconfig%2fnode10 set size:undefined disposed:false
64 silly fetch manifest @tsconfig/node16@^1.0.2
65 silly packumentCache full:https://registry.npmjs.org/@tsconfig%2fnode16 cache-miss
66 http fetch GET 200 https://registry.npmjs.org/arg 392ms (cache miss)
67 silly packumentCache full:https://registry.npmjs.org/arg set size:undefined disposed:false
68 silly fetch manifest v8-compile-cache-lib@^3.0.1
69 silly packumentCache full:https://registry.npmjs.org/v8-compile-cache-lib cache-miss
70 http fetch GET 200 https://registry.npmjs.org/@tsconfig%2fnode14 121ms (cache miss)
71 silly packumentCache full:https://registry.npmjs.org/@tsconfig%2fnode14 set size:undefined disposed:false
72 silly fetch manifest @cspotcode/source-map-support@^0.8.0
73 silly packumentCache full:https://registry.npmjs.org/@cspotcode%2fsource-map-support cache-miss
74 http fetch GET 200 https://registry.npmjs.org/create-require 405ms (cache miss)
75 silly packumentCache full:https://registry.npmjs.org/create-require set size:undefined disposed:false
76 http fetch GET 200 https://registry.npmjs.org/diff 407ms (cache miss)
77 silly packumentCache full:https://registry.npmjs.org/diff set size:undefined disposed:false
78 http fetch GET 200 https://registry.npmjs.org/acorn-walk 433ms (cache miss)
79 silly packumentCache full:https://registry.npmjs.org/acorn-walk set size:undefined disposed:false
80 http fetch GET 200 https://registry.npmjs.org/make-error 434ms (cache miss)
81 silly packumentCache full:https://registry.npmjs.org/make-error set size:undefined disposed:false
82 http fetch GET 200 https://registry.npmjs.org/@tsconfig%2fnode16 101ms (cache miss)
83 silly packumentCache full:https://registry.npmjs.org/@tsconfig%2fnode16 set size:undefined disposed:false
84 http fetch GET 200 https://registry.npmjs.org/v8-compile-cache-lib 99ms (cache miss)
85 silly packumentCache full:https://registry.npmjs.org/v8-compile-cache-lib set size:undefined disposed:false
86 http fetch GET 200 https://registry.npmjs.org/@cspotcode%2fsource-map-support 196ms (cache miss)
87 silly packumentCache full:https://registry.npmjs.org/@cspotcode%2fsource-map-support set size:undefined disposed:false
88 silly placeDep ROOT @cspotcode/source-map-support@0.8.1 OK for: ts-node@10.9.2 want: ^0.8.0
89 silly placeDep ROOT @tsconfig/node10@1.0.12 OK for: ts-node@10.9.2 want: ^1.0.7
90 silly placeDep ROOT @tsconfig/node12@1.0.11 OK for: ts-node@10.9.2 want: ^1.0.7
91 silly placeDep ROOT @tsconfig/node14@1.0.3 OK for: ts-node@10.9.2 want: ^1.0.0
92 silly placeDep ROOT @tsconfig/node16@1.0.4 OK for: ts-node@10.9.2 want: ^1.0.2
93 silly placeDep ROOT acorn-walk@8.3.5 OK for: ts-node@10.9.2 want: ^8.1.1
94 silly placeDep ROOT arg@4.1.3 OK for: ts-node@10.9.2 want: ^4.1.0
95 silly placeDep ROOT create-require@1.1.1 OK for: ts-node@10.9.2 want: ^1.1.0
96 silly placeDep ROOT diff@4.0.4 OK for: ts-node@10.9.2 want: ^4.0.1
97 silly placeDep ROOT make-error@1.3.6 OK for: ts-node@10.9.2 want: ^1.1.1
98 silly placeDep ROOT v8-compile-cache-lib@3.0.1 OK for: ts-node@10.9.2 want: ^3.0.1
99 silly placeDep ROOT yn@3.1.1 OK for: ts-node@10.9.2 want: 3.1.1
100 silly fetch manifest @jridgewell/trace-mapping@0.3.9
101 silly packumentCache full:https://registry.npmjs.org/@jridgewell%2ftrace-mapping cache-miss
102 http fetch GET 200 https://registry.npmjs.org/@jridgewell%2ftrace-mapping 115ms (cache miss)
103 silly packumentCache full:https://registry.npmjs.org/@jridgewell%2ftrace-mapping set size:undefined disposed:false
104 silly placeDep node_modules/@cspotcode/source-map-support @jridgewell/trace-mapping@0.3.9 OK for: @cspotcode/source-map-support@0.8.1 want: 0.3.9
105 silly reify moves {}
106 silly audit bulk request {
106 silly audit   '@alloc/quick-lru': [ '5.2.0' ],
106 silly audit   '@babel/code-frame': [ '7.29.0' ],
106 silly audit   '@babel/compat-data': [ '7.29.0' ],
106 silly audit   '@babel/core': [ '7.29.0' ],
106 silly audit   '@babel/generator': [ '7.29.1' ],
106 silly audit   '@babel/helper-compilation-targets': [ '7.28.6' ],
106 silly audit   '@babel/helper-globals': [ '7.28.0' ],
106 silly audit   '@babel/helper-module-imports': [ '7.28.6' ],
106 silly audit   '@babel/helper-module-transforms': [ '7.28.6' ],
106 silly audit   '@babel/helper-string-parser': [ '7.27.1' ],
106 silly audit   '@babel/helper-validator-identifier': [ '7.28.5' ],
106 silly audit   '@babel/helper-validator-option': [ '7.27.1' ],
106 silly audit   '@babel/helpers': [ '7.28.6' ],
106 silly audit   '@babel/parser': [ '7.29.0' ],
106 silly audit   '@babel/runtime': [ '7.28.6' ],
106 silly audit   '@babel/template': [ '7.28.6' ],
106 silly audit   '@babel/traverse': [ '7.29.0' ],
106 silly audit   '@babel/types': [ '7.29.0' ],
106 silly audit   '@chevrotain/cst-dts-gen': [ '10.5.0' ],
106 silly audit   '@chevrotain/gast': [ '10.5.0' ],
106 silly audit   '@chevrotain/types': [ '10.5.0' ],
106 silly audit   '@chevrotain/utils': [ '10.5.0' ],
106 silly audit   '@electric-sql/pglite': [ '0.3.15' ],
106 silly audit   '@electric-sql/pglite-socket': [ '0.0.20' ],
106 silly audit   '@electric-sql/pglite-tools': [ '0.2.20' ],
106 silly audit   '@emnapi/core': [ '1.8.1' ],
106 silly audit   '@emnapi/runtime': [ '1.8.1' ],
106 silly audit   '@emnapi/wasi-threads': [ '1.1.0' ],
106 silly audit   '@eslint-community/eslint-utils': [ '4.9.1' ],
106 silly audit   'eslint-visitor-keys': [ '3.4.3', '5.0.1', '4.2.1' ],
106 silly audit   '@eslint-community/regexpp': [ '4.12.2' ],
106 silly audit   '@eslint/config-array': [ '0.21.1' ],
106 silly audit   '@eslint/config-helpers': [ '0.4.2' ],
106 silly audit   '@eslint/core': [ '0.17.0' ],
106 silly audit   '@eslint/eslintrc': [ '3.3.4' ],
106 silly audit   '@eslint/js': [ '9.39.3' ],
106 silly audit   '@eslint/object-schema': [ '2.1.7' ],
106 silly audit   '@eslint/plugin-kit': [ '0.4.1' ],
106 silly audit   '@hono/node-server': [ '1.19.9' ],
106 silly audit   '@humanfs/core': [ '0.19.1' ],
106 silly audit   '@humanfs/node': [ '0.16.7' ],
106 silly audit   '@humanwhocodes/module-importer': [ '1.0.1' ],
106 silly audit   '@humanwhocodes/retry': [ '0.4.3' ],
106 silly audit   '@img/colour': [ '1.0.0' ],
106 silly audit   '@img/sharp-darwin-arm64': [ '0.34.5' ],
106 silly audit   '@img/sharp-darwin-x64': [ '0.34.5' ],
106 silly audit   '@img/sharp-libvips-darwin-arm64': [ '1.2.4' ],
106 silly audit   '@img/sharp-libvips-darwin-x64': [ '1.2.4' ],
106 silly audit   '@img/sharp-libvips-linux-arm': [ '1.2.4' ],
106 silly audit   '@img/sharp-libvips-linux-arm64': [ '1.2.4' ],
106 silly audit   '@img/sharp-libvips-linux-ppc64': [ '1.2.4' ],
106 silly audit   '@img/sharp-libvips-linux-riscv64': [ '1.2.4' ],
106 silly audit   '@img/sharp-libvips-linux-s390x': [ '1.2.4' ],
106 silly audit   '@img/sharp-libvips-linux-x64': [ '1.2.4' ],
106 silly audit   '@img/sharp-libvips-linuxmusl-arm64': [ '1.2.4' ],
106 silly audit   '@img/sharp-libvips-linuxmusl-x64': [ '1.2.4' ],
106 silly audit   '@img/sharp-linux-arm': [ '0.34.5' ],
106 silly audit   '@img/sharp-linux-arm64': [ '0.34.5' ],
106 silly audit   '@img/sharp-linux-ppc64': [ '0.34.5' ],
106 silly audit   '@img/sharp-linux-riscv64': [ '0.34.5' ],
106 silly audit   '@img/sharp-linux-s390x': [ '0.34.5' ],
106 silly audit   '@img/sharp-linux-x64': [ '0.34.5' ],
106 silly audit   '@img/sharp-linuxmusl-arm64': [ '0.34.5' ],
106 silly audit   '@img/sharp-linuxmusl-x64': [ '0.34.5' ],
106 silly audit   '@img/sharp-wasm32': [ '0.34.5' ],
106 silly audit   '@img/sharp-win32-arm64': [ '0.34.5' ],
106 silly audit   '@img/sharp-win32-ia32': [ '0.34.5' ],
106 silly audit   '@img/sharp-win32-x64': [ '0.34.5' ],
106 silly audit   '@jridgewell/gen-mapping': [ '0.3.13' ],
106 silly audit   '@jridgewell/remapping': [ '2.3.5' ],
106 silly audit   '@jridgewell/resolve-uri': [ '3.1.2' ],
106 silly audit   '@jridgewell/sourcemap-codec': [ '1.5.5' ],
106 silly audit   '@jridgewell/trace-mapping': [ '0.3.31', '0.3.9' ],
106 silly audit   '@mrleebo/prisma-ast': [ '0.13.1' ],
106 silly audit   '@napi-rs/wasm-runtime': [ '0.2.12' ],
106 silly audit   '@next/env': [ '16.1.6' ],
106 silly audit   '@next/eslint-plugin-next': [ '16.1.6' ],
106 silly audit   '@next/swc-darwin-arm64': [ '16.1.6' ],
106 silly audit   '@next/swc-darwin-x64': [ '16.1.6' ],
106 silly audit   '@next/swc-linux-arm64-gnu': [ '16.1.6' ],
106 silly audit   '@next/swc-linux-arm64-musl': [ '16.1.6' ],
106 silly audit   '@next/swc-linux-x64-gnu': [ '16.1.6' ],
106 silly audit   '@next/swc-linux-x64-musl': [ '16.1.6' ],
106 silly audit   '@next/swc-win32-arm64-msvc': [ '16.1.6' ],
106 silly audit   '@next/swc-win32-x64-msvc': [ '16.1.6' ],
106 silly audit   '@nodelib/fs.scandir': [ '2.1.5' ],
106 silly audit   '@nodelib/fs.stat': [ '2.0.5' ],
106 silly audit   '@nodelib/fs.walk': [ '1.2.8' ],
106 silly audit   '@nolyfill/is-core-module': [ '1.0.39' ],
106 silly audit   '@panva/hkdf': [ '1.2.1' ],
106 silly audit   '@prisma/client': [ '7.4.1' ],
106 silly audit   '@prisma/client-runtime-utils': [ '7.4.1' ],
106 silly audit   '@prisma/config': [ '7.4.1' ],
106 silly audit   '@prisma/debug': [ '7.4.1', '7.2.0' ],
106 silly audit   '@prisma/dev': [ '0.20.0' ],
106 silly audit   '@prisma/engines': [ '7.4.1' ],
106 silly audit   '@prisma/engines-version': [ '7.5.0-4.55ae170b1ced7fc6ed07a15f110549408c501bb3' ],
106 silly audit   '@prisma/get-platform': [ '7.4.1', '7.2.0' ],
106 silly audit   '@prisma/fetch-engine': [ '7.4.1' ],
106 silly audit   '@prisma/query-plan-executor': [ '7.2.0' ],
106 silly audit   '@prisma/studio-core': [ '0.13.1' ],
106 silly audit   '@rtsao/scc': [ '1.1.0' ],
106 silly audit   '@standard-schema/spec': [ '1.1.0' ],
106 silly audit   '@swc/helpers': [ '0.5.15' ],
106 silly audit   '@tailwindcss/node': [ '4.2.1' ],
106 silly audit   '@tailwindcss/oxide': [ '4.2.1' ],
106 silly audit   '@tailwindcss/oxide-android-arm64': [ '4.2.1' ],
106 silly audit   '@tailwindcss/oxide-darwin-arm64': [ '4.2.1' ],
106 silly audit   '@tailwindcss/oxide-darwin-x64': [ '4.2.1' ],
106 silly audit   '@tailwindcss/oxide-freebsd-x64': [ '4.2.1' ],
106 silly audit   '@tailwindcss/oxide-linux-arm-gnueabihf': [ '4.2.1' ],
106 silly audit   '@tailwindcss/oxide-linux-arm64-gnu': [ '4.2.1' ],
106 silly audit   '@tailwindcss/oxide-linux-arm64-musl': [ '4.2.1' ],
106 silly audit   '@tailwindcss/oxide-linux-x64-gnu': [ '4.2.1' ],
106 silly audit   '@tailwindcss/oxide-linux-x64-musl': [ '4.2.1' ],
106 silly audit   '@tailwindcss/oxide-wasm32-wasi': [ '4.2.1' ],
106 silly audit   '@tailwindcss/oxide-win32-arm64-msvc': [ '4.2.1' ],
106 silly audit   '@tailwindcss/oxide-win32-x64-msvc': [ '4.2.1' ],
106 silly audit   '@tailwindcss/postcss': [ '4.2.1' ],
106 silly audit   '@tybys/wasm-util': [ '0.10.1' ],
106 silly audit   '@types/estree': [ '1.0.8' ],
106 silly audit   '@types/json-schema': [ '7.0.15' ],
106 silly audit   '@types/json5': [ '0.0.29' ],
106 silly audit   '@types/node': [ '20.19.35' ],
106 silly audit   '@types/react': [ '19.2.14' ],
106 silly audit   '@types/react-dom': [ '19.2.3' ],
106 silly audit   '@typescript-eslint/eslint-plugin': [ '8.56.1' ],
106 silly audit   ignore: [ '7.0.5', '5.3.2' ],
106 silly audit   '@typescript-eslint/parser': [ '8.56.1' ],
106 silly audit   '@typescript-eslint/project-service': [ '8.56.1' ],
106 silly audit   '@typescript-eslint/scope-manager': [ '8.56.1' ],
106 silly audit   '@typescript-eslint/tsconfig-utils': [ '8.56.1' ],
106 silly audit   '@typescript-eslint/type-utils': [ '8.56.1' ],
106 silly audit   '@typescript-eslint/types': [ '8.56.1' ],
106 silly audit   '@typescript-eslint/typescript-estree': [ '8.56.1' ],
106 silly audit   'balanced-match': [ '4.0.4', '1.0.2' ],
106 silly audit   'brace-expansion': [ '5.0.4', '1.1.12' ],
106 silly audit   minimatch: [ '10.2.4', '3.1.5' ],
106 silly audit   semver: [ '7.7.4', '6.3.1' ],
106 silly audit   '@typescript-eslint/utils': [ '8.56.1' ],
106 silly audit   '@typescript-eslint/visitor-keys': [ '8.56.1' ],
106 silly audit   '@unrs/resolver-binding-android-arm-eabi': [ '1.11.1' ],
106 silly audit   '@unrs/resolver-binding-android-arm64': [ '1.11.1' ],
106 silly audit   '@unrs/resolver-binding-darwin-arm64': [ '1.11.1' ],
106 silly audit   '@unrs/resolver-binding-darwin-x64': [ '1.11.1' ],
106 silly audit   '@unrs/resolver-binding-freebsd-x64': [ '1.11.1' ],
106 silly audit   '@unrs/resolver-binding-linux-arm-gnueabihf': [ '1.11.1' ],
106 silly audit   '@unrs/resolver-binding-linux-arm-musleabihf': [ '1.11.1' ],
106 silly audit   '@unrs/resolver-binding-linux-arm64-gnu': [ '1.11.1' ],
106 silly audit   '@unrs/resolver-binding-linux-arm64-musl': [ '1.11.1' ],
106 silly audit   '@unrs/resolver-binding-linux-ppc64-gnu': [ '1.11.1' ],
106 silly audit   '@unrs/resolver-binding-linux-riscv64-gnu': [ '1.11.1' ],
106 silly audit   '@unrs/resolver-binding-linux-riscv64-musl': [ '1.11.1' ],
106 silly audit   '@unrs/resolver-binding-linux-s390x-gnu': [ '1.11.1' ],
106 silly audit   '@unrs/resolver-binding-linux-x64-gnu': [ '1.11.1' ],
106 silly audit   '@unrs/resolver-binding-linux-x64-musl': [ '1.11.1' ],
106 silly audit   '@unrs/resolver-binding-wasm32-wasi': [ '1.11.1' ],
106 silly audit   '@unrs/resolver-binding-win32-arm64-msvc': [ '1.11.1' ],
106 silly audit   '@unrs/resolver-binding-win32-ia32-msvc': [ '1.11.1' ],
106 silly audit   '@unrs/resolver-binding-win32-x64-msvc': [ '1.11.1' ],
106 silly audit   acorn: [ '8.16.0' ],
106 silly audit   'acorn-jsx': [ '5.3.2' ],
106 silly audit   ajv: [ '6.14.0' ],
106 silly audit   'ansi-styles': [ '4.3.0' ],
106 silly audit   argparse: [ '2.0.1' ],
106 silly audit   'aria-query': [ '5.3.2' ],
106 silly audit   'array-buffer-byte-length': [ '1.0.2' ],
106 silly audit   'array-includes': [ '3.1.9' ],
106 silly audit   'array.prototype.findlast': [ '1.2.5' ],
106 silly audit   'array.prototype.findlastindex': [ '1.2.6' ],
106 silly audit   'array.prototype.flat': [ '1.3.3' ],
106 silly audit   'array.prototype.flatmap': [ '1.3.3' ],
106 silly audit   'array.prototype.tosorted': [ '1.1.4' ],
106 silly audit   'arraybuffer.prototype.slice': [ '1.0.4' ],
106 silly audit   'ast-types-flow': [ '0.0.8' ],
106 silly audit   'async-function': [ '1.0.0' ],
106 silly audit   'available-typed-arrays': [ '1.0.7' ],
106 silly audit   'aws-ssl-profiles': [ '1.1.2' ],
106 silly audit   'axe-core': [ '4.11.1' ],
106 silly audit   'axobject-query': [ '4.1.0' ],
106 silly audit   'baseline-browser-mapping': [ '2.10.0' ],
106 silly audit   bcryptjs: [ '3.0.3' ],
106 silly audit   braces: [ '3.0.3' ],
106 silly audit   browserslist: [ '4.28.1' ],
106 silly audit   c12: [ '3.1.0' ],
106 silly audit   'call-bind': [ '1.0.8' ],
106 silly audit   'call-bind-apply-helpers': [ '1.0.2' ],
106 silly audit   'call-bound': [ '1.0.4' ],
106 silly audit   callsites: [ '3.1.0' ],
106 silly audit   'caniuse-lite': [ '1.0.30001774' ],
106 silly audit   chalk: [ '4.1.2' ],
106 silly audit   chevrotain: [ '10.5.0' ],
106 silly audit   chokidar: [ '4.0.3' ],
106 silly audit   citty: [ '0.1.6', '0.2.1' ],
106 silly audit   'client-only': [ '0.0.1' ],
106 silly audit   clsx: [ '2.1.1' ],
106 silly audit   'color-convert': [ '2.0.1' ],
106 silly audit   'color-name': [ '1.1.4' ],
106 silly audit   'concat-map': [ '0.0.1' ],
106 silly audit   confbox: [ '0.2.4' ],
106 silly audit   consola: [ '3.4.2' ],
106 silly audit   'convert-source-map': [ '2.0.0' ],
106 silly audit   cookie: [ '0.7.2' ],
106 silly audit   'cross-spawn': [ '7.0.6' ],
106 silly audit   csstype: [ '3.2.3' ],
106 silly audit   'damerau-levenshtein': [ '1.0.8' ],
106 silly audit   'data-view-buffer': [ '1.0.2' ],
106 silly audit   'data-view-byte-length': [ '1.0.2' ],
106 silly audit   'data-view-byte-offset': [ '1.0.1' ],
106 silly audit   debug: [ '4.4.3', '3.2.7' ],
106 silly audit   'deep-is': [ '0.1.4' ],
106 silly audit   'deepmerge-ts': [ '7.1.5' ],
106 silly audit   'define-data-property': [ '1.1.4' ],
106 silly audit   'define-properties': [ '1.2.1' ],
106 silly audit   defu: [ '6.1.4' ],
106 silly audit   denque: [ '2.1.0' ],
106 silly audit   destr: [ '2.0.5' ],
106 silly audit   'detect-libc': [ '2.1.2' ],
106 silly audit   doctrine: [ '2.1.0' ],
106 silly audit   dotenv: [ '16.6.1' ],
106 silly audit   'dunder-proto': [ '1.0.1' ],
106 silly audit   effect: [ '3.18.4' ],
106 silly audit   'electron-to-chromium': [ '1.5.302' ],
106 silly audit   'emoji-regex': [ '9.2.2' ],
106 silly audit   empathic: [ '2.0.0' ],
106 silly audit   'enhanced-resolve': [ '5.19.0' ],
106 silly audit   'es-abstract': [ '1.24.1' ],
106 silly audit   'es-define-property': [ '1.0.1' ],
106 silly audit   'es-errors': [ '1.3.0' ],
106 silly audit   'es-iterator-helpers': [ '1.2.2' ],
106 silly audit   'es-object-atoms': [ '1.1.1' ],
106 silly audit   'es-set-tostringtag': [ '2.1.0' ],
106 silly audit   'es-shim-unscopables': [ '1.1.0' ],
106 silly audit   'es-to-primitive': [ '1.3.0' ],
106 silly audit   escalade: [ '3.2.0' ],
106 silly audit   'escape-string-regexp': [ '4.0.0' ],
106 silly audit   eslint: [ '9.39.3' ],
106 silly audit   'eslint-config-next': [ '16.1.6' ],
106 silly audit   globals: [ '16.4.0', '14.0.0' ],
106 silly audit   'eslint-import-resolver-node': [ '0.3.9' ],
106 silly audit   'eslint-import-resolver-typescript': [ '3.10.1' ],
106 silly audit   'eslint-module-utils': [ '2.12.1' ],
106 silly audit   'eslint-plugin-import': [ '2.32.0' ],
106 silly audit   'eslint-plugin-jsx-a11y': [ '6.10.2' ],
106 silly audit   'eslint-plugin-react': [ '7.37.5' ],
106 silly audit   'eslint-plugin-react-hooks': [ '7.0.1' ],
106 silly audit   resolve: [ '2.0.0-next.6', '1.22.11' ],
106 silly audit   'eslint-scope': [ '8.4.0' ],
106 silly audit   espree: [ '10.4.0' ],
106 silly audit   esquery: [ '1.7.0' ],
106 silly audit   esrecurse: [ '4.3.0' ],
106 silly audit   estraverse: [ '5.3.0' ],
106 silly audit   esutils: [ '2.0.3' ],
106 silly audit   exsolve: [ '1.0.8' ],
106 silly audit   'fast-check': [ '3.23.2' ],
106 silly audit   'fast-deep-equal': [ '3.1.3' ],
106 silly audit   'fast-glob': [ '3.3.1' ],
106 silly audit   'glob-parent': [ '5.1.2', '6.0.2' ],
106 silly audit   'fast-json-stable-stringify': [ '2.1.0' ],
106 silly audit   'fast-levenshtein': [ '2.0.6' ],
106 silly audit   fastq: [ '1.20.1' ],
106 silly audit   'file-entry-cache': [ '8.0.0' ],
106 silly audit   'fill-range': [ '7.1.1' ],
106 silly audit   'find-up': [ '5.0.0' ],
106 silly audit   'flat-cache': [ '4.0.1' ],
106 silly audit   flatted: [ '3.3.3' ],
106 silly audit   'for-each': [ '0.3.5' ],
106 silly audit   'foreground-child': [ '3.3.1' ],
106 silly audit   'function-bind': [ '1.1.2' ],
106 silly audit   'function.prototype.name': [ '1.1.8' ],
106 silly audit   'functions-have-names': [ '1.2.3' ],
106 silly audit   'generate-function': [ '2.3.1' ],
106 silly audit   'generator-function': [ '2.0.1' ],
106 silly audit   gensync: [ '1.0.0-beta.2' ],
106 silly audit   'get-intrinsic': [ '1.3.0' ],
106 silly audit   'get-port-please': [ '3.2.0' ],
106 silly audit   'get-proto': [ '1.0.1' ],
106 silly audit   'get-symbol-description': [ '1.1.0' ],
106 silly audit   'get-tsconfig': [ '4.13.6' ],
106 silly audit   giget: [ '2.0.0' ],
106 silly audit   globalthis: [ '1.0.4' ],
106 silly audit   gopd: [ '1.2.0' ],
106 silly audit   'graceful-fs': [ '4.2.11' ],
106 silly audit   grammex: [ '3.1.12' ],
106 silly audit   graphmatch: [ '1.1.1' ],
106 silly audit   'has-bigints': [ '1.1.0' ],
106 silly audit   'has-flag': [ '4.0.0' ],
106 silly audit   'has-property-descriptors': [ '1.0.2' ],
106 silly audit   'has-proto': [ '1.2.0' ],
106 silly audit   'has-symbols': [ '1.1.0' ],
106 silly audit   'has-tostringtag': [ '1.0.2' ],
106 silly audit   hasown: [ '2.0.2' ],
106 silly audit   'hermes-estree': [ '0.25.1' ],
106 silly audit   'hermes-parser': [ '0.25.1' ],
106 silly audit   hono: [ '4.11.4' ],
106 silly audit   'http-status-codes': [ '2.3.0' ],
106 silly audit   'iconv-lite': [ '0.7.2' ],
106 silly audit   'import-fresh': [ '3.3.1' ],
106 silly audit   imurmurhash: [ '0.1.4' ],
106 silly audit   'internal-slot': [ '1.1.0' ],
106 silly audit   'is-array-buffer': [ '3.0.5' ],
106 silly audit   'is-async-function': [ '2.1.1' ],
106 silly audit   'is-bigint': [ '1.1.0' ],
106 silly audit   'is-boolean-object': [ '1.2.2' ],
106 silly audit   'is-bun-module': [ '2.0.0' ],
106 silly audit   'is-callable': [ '1.2.7' ],
106 silly audit   'is-core-module': [ '2.16.1' ],
106 silly audit   'is-data-view': [ '1.0.2' ],
106 silly audit   'is-date-object': [ '1.1.0' ],
106 silly audit   'is-extglob': [ '2.1.1' ],
106 silly audit   'is-finalizationregistry': [ '1.1.1' ],
106 silly audit   'is-generator-function': [ '1.1.2' ],
106 silly audit   'is-glob': [ '4.0.3' ],
106 silly audit   'is-map': [ '2.0.3' ],
106 silly audit   'is-negative-zero': [ '2.0.3' ],
106 silly audit   'is-number': [ '7.0.0' ],
106 silly audit   'is-number-object': [ '1.1.1' ],
106 silly audit   'is-property': [ '1.0.2' ],
106 silly audit   'is-regex': [ '1.2.1' ],
106 silly audit   'is-set': [ '2.0.3' ],
106 silly audit   'is-shared-array-buffer': [ '1.0.4' ],
106 silly audit   'is-string': [ '1.1.1' ],
106 silly audit   'is-symbol': [ '1.1.1' ],
106 silly audit   'is-typed-array': [ '1.1.15' ],
106 silly audit   'is-weakmap': [ '2.0.2' ],
106 silly audit   'is-weakref': [ '1.1.1' ],
106 silly audit   'is-weakset': [ '2.0.4' ],
106 silly audit   isarray: [ '2.0.5' ],
106 silly audit   isexe: [ '2.0.0' ],
106 silly audit   'iterator.prototype': [ '1.1.5' ],
106 silly audit   jiti: [ '2.6.1' ],
106 silly audit   jose: [ '4.15.9' ],
106 silly audit   'js-tokens': [ '4.0.0' ],
106 silly audit   'js-yaml': [ '4.1.1' ],
106 silly audit   jsesc: [ '3.1.0' ],
106 silly audit   'json-buffer': [ '3.0.1' ],
106 silly audit   'json-schema-traverse': [ '0.4.1' ],
106 silly audit   'json-stable-stringify-without-jsonify': [ '1.0.1' ],
106 silly audit   json5: [ '2.2.3', '1.0.2' ],
106 silly audit   'jsx-ast-utils': [ '3.3.5' ],
106 silly audit   keyv: [ '4.5.4' ],
106 silly audit   'language-subtag-registry': [ '0.3.23' ],
106 silly audit   'language-tags': [ '1.0.9' ],
106 silly audit   levn: [ '0.4.1' ],
106 silly audit   lightningcss: [ '1.31.1' ],
106 silly audit   'lightningcss-android-arm64': [ '1.31.1' ],
106 silly audit   'lightningcss-darwin-arm64': [ '1.31.1' ],
106 silly audit   'lightningcss-darwin-x64': [ '1.31.1' ],
106 silly audit   'lightningcss-freebsd-x64': [ '1.31.1' ],
106 silly audit   'lightningcss-linux-arm-gnueabihf': [ '1.31.1' ],
106 silly audit   'lightningcss-linux-arm64-gnu': [ '1.31.1' ],
106 silly audit   'lightningcss-linux-arm64-musl': [ '1.31.1' ],
106 silly audit   'lightningcss-linux-x64-gnu': [ '1.31.1' ],
106 silly audit   'lightningcss-linux-x64-musl': [ '1.31.1' ],
106 silly audit   'lightningcss-win32-arm64-msvc': [ '1.31.1' ],
106 silly audit   'lightningcss-win32-x64-msvc': [ '1.31.1' ],
106 silly audit   lilconfig: [ '2.1.0' ],
106 silly audit   'locate-path': [ '6.0.0' ],
106 silly audit   lodash: [ '4.17.21' ],
106 silly audit   'lodash.merge': [ '4.6.2' ],
106 silly audit   long: [ '5.3.2' ],
106 silly audit   'loose-envify': [ '1.4.0' ],
106 silly audit   'lru-cache': [ '5.1.1', '6.0.0' ],
106 silly audit   'lru.min': [ '1.1.4' ],
106 silly audit   'lucide-react': [ '0.575.0' ],
106 silly audit   'magic-string': [ '0.30.21' ],
106 silly audit   'math-intrinsics': [ '1.1.0' ],
106 silly audit   merge2: [ '1.4.1' ],
106 silly audit   micromatch: [ '4.0.8' ],
106 silly audit   minimist: [ '1.2.8' ],
106 silly audit   ms: [ '2.1.3' ],
106 silly audit   mysql2: [ '3.15.3' ],
106 silly audit   'named-placeholders': [ '1.1.6' ],
106 silly audit   nanoid: [ '3.3.11' ],
106 silly audit   'napi-postinstall': [ '0.3.4' ],
106 silly audit   'natural-compare': [ '1.4.0' ],
106 silly audit   next: [ '16.1.6' ],
106 silly audit   'next-auth': [ '4.24.13' ],
106 silly audit   postcss: [ '8.4.31', '8.5.6' ],
106 silly audit   'node-exports-info': [ '1.6.0' ],
106 silly audit   'node-fetch-native': [ '1.6.7' ],
106 silly audit   'node-releases': [ '2.0.27' ],
106 silly audit   nypm: [ '0.6.5' ],
106 silly audit   oauth: [ '0.9.15' ],
106 silly audit   'object-assign': [ '4.1.1' ],
106 silly audit   'object-hash': [ '2.2.0' ],
106 silly audit   'object-inspect': [ '1.13.4' ],
106 silly audit   'object-keys': [ '1.1.1' ],
106 silly audit   'object.assign': [ '4.1.7' ],
106 silly audit   'object.entries': [ '1.1.9' ],
106 silly audit   'object.fromentries': [ '2.0.8' ],
106 silly audit   'object.groupby': [ '1.0.3' ],
106 silly audit   'object.values': [ '1.2.1' ],
106 silly audit   ohash: [ '2.0.11' ],
106 silly audit   'oidc-token-hash': [ '5.2.0' ],
106 silly audit   'openid-client': [ '5.7.1' ],
106 silly audit   yallist: [ '4.0.0', '3.1.1' ],
106 silly audit   optionator: [ '0.9.4' ],
106 silly audit   'own-keys': [ '1.0.1' ],
106 silly audit   'p-limit': [ '3.1.0' ],
106 silly audit   'p-locate': [ '5.0.0' ],
106 silly audit   'parent-module': [ '1.0.1' ],
106 silly audit   'path-exists': [ '4.0.0' ],
106 silly audit   'path-key': [ '3.1.1' ],
106 silly audit   'path-parse': [ '1.0.7' ],
106 silly audit   pathe: [ '2.0.3' ],
106 silly audit   'perfect-debounce': [ '1.0.0' ],
106 silly audit   picocolors: [ '1.1.1' ],
106 silly audit   picomatch: [ '2.3.1', '4.0.3' ],
106 silly audit   'pkg-types': [ '2.3.0' ],
106 silly audit   'possible-typed-array-names': [ '1.1.0' ],
106 silly audit   postgres: [ '3.4.7' ],
106 silly audit   preact: [ '10.28.4' ],
106 silly audit   'preact-render-to-string': [ '5.2.6' ],
106 silly audit   'prelude-ls': [ '1.2.1' ],
106 silly audit   'pretty-format': [ '3.8.0' ],
106 silly audit   prisma: [ '7.4.1' ],
106 silly audit   'prop-types': [ '15.8.1' ],
106 silly audit   'proper-lockfile': [ '4.1.2' ],
106 silly audit   'signal-exit': [ '3.0.7', '4.1.0' ],
106 silly audit   punycode: [ '2.3.1' ],
106 silly audit   'pure-rand': [ '6.1.0' ],
106 silly audit   'queue-microtask': [ '1.2.3' ],
106 silly audit   rc9: [ '2.1.2' ],
106 silly audit   react: [ '19.2.3' ],
106 silly audit   'react-dom': [ '19.2.3' ],
106 silly audit   'react-is': [ '16.13.1' ],
106 silly audit   readdirp: [ '4.1.2' ],
106 silly audit   'reflect.getprototypeof': [ '1.0.10' ],
106 silly audit   'regexp-to-ast': [ '0.5.0' ],
106 silly audit   'regexp.prototype.flags': [ '1.5.4' ],
106 silly audit   remeda: [ '2.33.4' ],
106 silly audit   'resolve-from': [ '4.0.0' ],
106 silly audit   'resolve-pkg-maps': [ '1.0.0' ],
106 silly audit   retry: [ '0.12.0' ],
106 silly audit   reusify: [ '1.1.0' ],
106 silly audit   'run-parallel': [ '1.2.0' ],
106 silly audit   'safe-array-concat': [ '1.1.3' ],
106 silly audit   'safe-push-apply': [ '1.0.0' ],
106 silly audit   'safe-regex-test': [ '1.1.0' ],
106 silly audit   'safer-buffer': [ '2.1.2' ],
106 silly audit   scheduler: [ '0.27.0' ],
106 silly audit   'seq-queue': [ '0.0.5' ],
106 silly audit   'set-function-length': [ '1.2.2' ],
106 silly audit   'set-function-name': [ '2.0.2' ],
106 silly audit   'set-proto': [ '1.0.0' ],
106 silly audit   sharp: [ '0.34.5' ],
106 silly audit   'shebang-command': [ '2.0.0' ],
106 silly audit   'shebang-regex': [ '3.0.0' ],
106 silly audit   'side-channel': [ '1.1.0' ],
106 silly audit   'side-channel-list': [ '1.0.0' ],
106 silly audit   'side-channel-map': [ '1.0.1' ],
106 silly audit   'side-channel-weakmap': [ '1.0.2' ],
106 silly audit   'source-map-js': [ '1.2.1' ],
106 silly audit   sqlstring: [ '2.3.3' ],
106 silly audit   'stable-hash': [ '0.0.5' ],
106 silly audit   'std-env': [ '3.10.0' ],
106 silly audit   'stop-iteration-iterator': [ '1.1.0' ],
106 silly audit   'string.prototype.includes': [ '2.0.1' ],
106 silly audit   'string.prototype.matchall': [ '4.0.12' ],
106 silly audit   'string.prototype.repeat': [ '1.0.0' ],
106 silly audit   'string.prototype.trim': [ '1.2.10' ],
106 silly audit   'string.prototype.trimend': [ '1.0.9' ],
106 silly audit   'string.prototype.trimstart': [ '1.0.8' ],
106 silly audit   'strip-bom': [ '3.0.0' ],
106 silly audit   'strip-json-comments': [ '3.1.1' ],
106 silly audit   'styled-jsx': [ '5.1.6' ],
106 silly audit   'supports-color': [ '7.2.0' ],
106 silly audit   'supports-preserve-symlinks-flag': [ '1.0.0' ],
106 silly audit   'tailwind-merge': [ '3.5.0' ],
106 silly audit   tailwindcss: [ '4.2.1' ],
106 silly audit   tapable: [ '2.3.0' ],
106 silly audit   tinyexec: [ '1.0.2' ],
106 silly audit   tinyglobby: [ '0.2.15' ],
106 silly audit   fdir: [ '6.5.0' ],
106 silly audit   'to-regex-range': [ '5.0.1' ],
106 silly audit   'ts-api-utils': [ '2.4.0' ],
106 silly audit   'tsconfig-paths': [ '3.15.0' ],
106 silly audit   tslib: [ '2.8.1' ],
106 silly audit   'type-check': [ '0.4.0' ],
106 silly audit   'typed-array-buffer': [ '1.0.3' ],
106 silly audit   'typed-array-byte-length': [ '1.0.3' ],
106 silly audit   'typed-array-byte-offset': [ '1.0.4' ],
106 silly audit   'typed-array-length': [ '1.0.7' ],
106 silly audit   typescript: [ '5.9.3' ],
106 silly audit   'typescript-eslint': [ '8.56.1' ],
106 silly audit   'unbox-primitive': [ '1.1.0' ],
106 silly audit   'undici-types': [ '6.21.0' ],
106 silly audit   'unrs-resolver': [ '1.11.1' ],
106 silly audit   'update-browserslist-db': [ '1.2.3' ],
106 silly audit   'uri-js': [ '4.4.1' ],
106 silly audit   uuid: [ '8.3.2' ],
106 silly audit   valibot: [ '1.2.0' ],
106 silly audit   which: [ '2.0.2' ],
106 silly audit   'which-boxed-primitive': [ '1.1.1' ],
106 silly audit   'which-builtin-type': [ '1.2.1' ],
106 silly audit   'which-collection': [ '1.0.2' ],
106 silly audit   'which-typed-array': [ '1.1.20' ],
106 silly audit   'word-wrap': [ '1.2.5' ],
106 silly audit   'yocto-queue': [ '0.1.0' ],
106 silly audit   zeptomatch: [ '2.1.0' ],
106 silly audit   zod: [ '4.3.6' ],
106 silly audit   'zod-validation-error': [ '4.0.2' ],
106 silly audit   'ts-node': [ '10.9.2' ],
106 silly audit   '@cspotcode/source-map-support': [ '0.8.1' ],
106 silly audit   '@tsconfig/node10': [ '1.0.12' ],
106 silly audit   '@tsconfig/node12': [ '1.0.11' ],
106 silly audit   '@tsconfig/node14': [ '1.0.3' ],
106 silly audit   '@tsconfig/node16': [ '1.0.4' ],
106 silly audit   'acorn-walk': [ '8.3.5' ],
106 silly audit   arg: [ '4.1.3' ],
106 silly audit   'create-require': [ '1.1.1' ],
106 silly audit   diff: [ '4.0.4' ],
106 silly audit   'make-error': [ '1.3.6' ],
106 silly audit   'v8-compile-cache-lib': [ '3.0.1' ],
106 silly audit   yn: [ '3.1.1' ]
106 silly audit }
107 http cache yn@https://registry.npmjs.org/yn/-/yn-3.1.1.tgz 0ms (cache hit)
108 http cache v8-compile-cache-lib@https://registry.npmjs.org/v8-compile-cache-lib/-/v8-compile-cache-lib-3.0.1.tgz 0ms (cache hit)
109 http cache make-error@https://registry.npmjs.org/make-error/-/make-error-1.3.6.tgz 0ms (cache hit)
110 http cache diff@https://registry.npmjs.org/diff/-/diff-4.0.4.tgz 0ms (cache hit)
111 http cache arg@https://registry.npmjs.org/arg/-/arg-4.1.3.tgz 0ms (cache hit)
112 http cache create-require@https://registry.npmjs.org/create-require/-/create-require-1.1.1.tgz 0ms (cache hit)
113 http cache acorn-walk@https://registry.npmjs.org/acorn-walk/-/acorn-walk-8.3.5.tgz 0ms (cache hit)
114 http cache @tsconfig/node16@https://registry.npmjs.org/@tsconfig/node16/-/node16-1.0.4.tgz 0ms (cache hit)
115 http cache @tsconfig/node14@https://registry.npmjs.org/@tsconfig/node14/-/node14-1.0.3.tgz 0ms (cache hit)
116 http cache @tsconfig/node10@https://registry.npmjs.org/@tsconfig/node10/-/node10-1.0.12.tgz 0ms (cache hit)
117 http cache @cspotcode/source-map-support@https://registry.npmjs.org/@cspotcode/source-map-support/-/source-map-support-0.8.1.tgz 0ms (cache hit)
118 http cache ts-node@https://registry.npmjs.org/ts-node/-/ts-node-10.9.2.tgz 0ms (cache hit)
119 http cache @jridgewell/trace-mapping@https://registry.npmjs.org/@jridgewell/trace-mapping/-/trace-mapping-0.3.9.tgz 0ms (cache hit)
120 http cache @tsconfig/node12@https://registry.npmjs.org/@tsconfig/node12/-/node12-1.0.11.tgz 0ms (cache hit)
121 silly tarball no local data for yn@https://registry.npmjs.org/yn/-/yn-3.1.1.tgz. Extracting by manifest.
122 silly tarball no local data for v8-compile-cache-lib@https://registry.npmjs.org/v8-compile-cache-lib/-/v8-compile-cache-lib-3.0.1.tgz. Extracting by manifest.
123 silly tarball no local data for make-error@https://registry.npmjs.org/make-error/-/make-error-1.3.6.tgz. Extracting by manifest.
124 silly tarball no local data for diff@https://registry.npmjs.org/diff/-/diff-4.0.4.tgz. Extracting by manifest.
125 silly tarball no local data for arg@https://registry.npmjs.org/arg/-/arg-4.1.3.tgz. Extracting by manifest.
126 silly tarball no local data for create-require@https://registry.npmjs.org/create-require/-/create-require-1.1.1.tgz. Extracting by manifest.
127 silly tarball no local data for acorn-walk@https://registry.npmjs.org/acorn-walk/-/acorn-walk-8.3.5.tgz. Extracting by manifest.
128 silly tarball no local data for @tsconfig/node16@https://registry.npmjs.org/@tsconfig/node16/-/node16-1.0.4.tgz. Extracting by manifest.
129 silly tarball no local data for @tsconfig/node14@https://registry.npmjs.org/@tsconfig/node14/-/node14-1.0.3.tgz. Extracting by manifest.
130 silly tarball no local data for @tsconfig/node10@https://registry.npmjs.org/@tsconfig/node10/-/node10-1.0.12.tgz. Extracting by manifest.
131 silly tarball no local data for @cspotcode/source-map-support@https://registry.npmjs.org/@cspotcode/source-map-support/-/source-map-support-0.8.1.tgz. Extracting by manifest.
132 silly tarball no local data for ts-node@https://registry.npmjs.org/ts-node/-/ts-node-10.9.2.tgz. Extracting by manifest.
133 silly tarball no local data for @jridgewell/trace-mapping@https://registry.npmjs.org/@jridgewell/trace-mapping/-/trace-mapping-0.3.9.tgz. Extracting by manifest.
134 silly tarball no local data for @tsconfig/node12@https://registry.npmjs.org/@tsconfig/node12/-/node12-1.0.11.tgz. Extracting by manifest.
135 http fetch GET 200 https://registry.npmjs.org/v8-compile-cache-lib/-/v8-compile-cache-lib-3.0.1.tgz 92ms (cache miss)
136 http fetch GET 200 https://registry.npmjs.org/make-error/-/make-error-1.3.6.tgz 93ms (cache miss)
137 http fetch GET 200 https://registry.npmjs.org/create-require/-/create-require-1.1.1.tgz 93ms (cache miss)
138 http fetch GET 200 https://registry.npmjs.org/arg/-/arg-4.1.3.tgz 105ms (cache miss)
139 http fetch GET 200 https://registry.npmjs.org/yn/-/yn-3.1.1.tgz 109ms (cache miss)
140 http fetch GET 200 https://registry.npmjs.org/diff/-/diff-4.0.4.tgz 160ms (cache miss)
141 http fetch POST 200 https://registry.npmjs.org/-/npm/v1/security/advisories/bulk 364ms
142 silly audit report {
142 silly audit report   hono: [
142 silly audit report     {
142 silly audit report       id: 1112644,
142 silly audit report       url: 'https://github.com/advisories/GHSA-9r54-q6cx-xmh5',
142 silly audit report       title: 'Hono vulnerable to XSS through ErrorBoundary component ',
142 silly audit report       severity: 'moderate',
142 silly audit report       vulnerable_versions: '<4.11.7',
142 silly audit report       cwe: [Array],
142 silly audit report       cvss: [Object]
142 silly audit report     },
142 silly audit report     {
142 silly audit report       id: 1112677,
142 silly audit report       url: 'https://github.com/advisories/GHSA-6wqw-2p9w-4vw4',
142 silly audit report       title: 'Hono cache middleware ignores "Cache-Control: private" leading to Web Cache Deception',
142 silly audit report       severity: 'moderate',
142 silly audit report       vulnerable_versions: '<4.11.7',
142 silly audit report       cwe: [Array],
142 silly audit report       cvss: [Object]
142 silly audit report     },
142 silly audit report     {
142 silly audit report       id: 1112678,
142 silly audit report       url: 'https://github.com/advisories/GHSA-r354-f388-2fhh',
142 silly audit report       title: 'Hono IPv4 address validation bypass in IP Restriction Middleware allows IP spoofing',
142 silly audit report       severity: 'moderate',
142 silly audit report       vulnerable_versions: '<4.11.7',
142 silly audit report       cwe: [Array],
142 silly audit report       cvss: [Object]
142 silly audit report     },
142 silly audit report     {
142 silly audit report       id: 1112911,
142 silly audit report       url: 'https://github.com/advisories/GHSA-w332-q679-j88p',
142 silly audit report       title: 'Hono has an Arbitrary Key Read in Serve static Middleware (Cloudflare Workers Adapter)',
142 silly audit report       severity: 'moderate',
142 silly audit report       vulnerable_versions: '<4.11.7',
142 silly audit report       cwe: [Array],
142 silly audit report       cvss: [Object]
142 silly audit report     },
142 silly audit report     {
142 silly audit report       id: 1113311,
142 silly audit report       url: 'https://github.com/advisories/GHSA-gq3j-xvxp-8hrf',
142 silly audit report       title: 'Hono added timing comparison hardening in basicAuth and bearerAuth',
142 silly audit report       severity: 'low',
142 silly audit report       vulnerable_versions: '<4.11.10',
142 silly audit report       cwe: [Array],
142 silly audit report       cvss: [Object]
142 silly audit report     }
142 silly audit report   ],
142 silly audit report   lodash: [
142 silly audit report     {
142 silly audit report       id: 1112455,
142 silly audit report       url: 'https://github.com/advisories/GHSA-xxjr-mmjv-4gpg',
142 silly audit report       title: 'Lodash has Prototype Pollution Vulnerability in `_.unset` and `_.omit` functions',
142 silly audit report       severity: 'moderate',
142 silly audit report       vulnerable_versions: '>=4.0.0 <=4.17.22',
142 silly audit report       cwe: [Array],
142 silly audit report       cvss: [Object]
142 silly audit report     }
142 silly audit report   ]
142 silly audit report }
143 silly packumentCache corgi:https://registry.npmjs.org/hono cache-miss
144 silly packumentCache corgi:https://registry.npmjs.org/lodash cache-miss
145 http fetch GET 200 https://registry.npmjs.org/@tsconfig/node14/-/node14-1.0.3.tgz 375ms (cache miss)
146 http fetch GET 200 https://registry.npmjs.org/acorn-walk/-/acorn-walk-8.3.5.tgz 380ms (cache miss)
147 http fetch GET 200 https://registry.npmjs.org/@cspotcode/source-map-support/-/source-map-support-0.8.1.tgz 380ms (cache miss)
148 http fetch GET 200 https://registry.npmjs.org/@tsconfig/node10/-/node10-1.0.12.tgz 454ms (cache miss)
149 http fetch GET 200 https://registry.npmjs.org/lodash 121ms (cache revalidated)
150 silly packumentCache corgi:https://registry.npmjs.org/lodash set size:68481 disposed:false
151 http fetch GET 200 https://registry.npmjs.org/hono 123ms (cache revalidated)
152 silly packumentCache corgi:https://registry.npmjs.org/hono set size:674823 disposed:false
153 silly packumentCache corgi:https://registry.npmjs.org/@hono%2fnode-server cache-miss
154 silly packumentCache corgi:https://registry.npmjs.org/@prisma%2fdev cache-miss
155 http fetch GET 200 https://registry.npmjs.org/ts-node/-/ts-node-10.9.2.tgz 592ms (cache miss)
156 http fetch GET 200 https://registry.npmjs.org/@prisma%2fdev 122ms (cache revalidated)
157 silly packumentCache corgi:https://registry.npmjs.org/@prisma%2fdev set size:941438 disposed:false
158 http fetch GET 200 https://registry.npmjs.org/@tsconfig/node16/-/node16-1.0.4.tgz 620ms (cache miss)
159 http fetch GET 200 https://registry.npmjs.org/@tsconfig/node12/-/node12-1.0.11.tgz 753ms (cache miss)
160 http fetch GET 200 https://registry.npmjs.org/@hono%2fnode-server 785ms (cache miss)
161 silly packumentCache corgi:https://registry.npmjs.org/@hono%2fnode-server set size:undefined disposed:false
162 silly packumentCache corgi:https://registry.npmjs.org/@chevrotain%2fcst-dts-gen cache-miss
163 silly packumentCache corgi:https://registry.npmjs.org/@chevrotain%2fgast cache-miss
164 silly packumentCache corgi:https://registry.npmjs.org/chevrotain cache-miss
165 http fetch GET 200 https://registry.npmjs.org/@jridgewell/trace-mapping/-/trace-mapping-0.3.9.tgz 1280ms (cache miss)
166 http fetch GET 200 https://registry.npmjs.org/chevrotain 118ms (cache revalidated)
167 silly packumentCache corgi:https://registry.npmjs.org/chevrotain set size:270686 disposed:false
168 http fetch GET 200 https://registry.npmjs.org/@chevrotain%2fgast 397ms (cache revalidated)
169 silly packumentCache corgi:https://registry.npmjs.org/@chevrotain%2fgast set size:18423 disposed:false
170 http fetch GET 200 https://registry.npmjs.org/@chevrotain%2fcst-dts-gen 1464ms (cache revalidated)
171 silly packumentCache corgi:https://registry.npmjs.org/@chevrotain%2fcst-dts-gen set size:22393 disposed:false
172 silly packumentCache corgi:https://registry.npmjs.org/prisma cache-miss
173 http fetch GET 200 https://registry.npmjs.org/prisma 125ms (cache revalidated)
174 silly packumentCache corgi:https://registry.npmjs.org/prisma set size:22549270 disposed:false
175 silly packumentCache corgi:https://registry.npmjs.org/@mrleebo%2fprisma-ast cache-miss
176 http fetch GET 200 https://registry.npmjs.org/@mrleebo%2fprisma-ast 101ms (cache revalidated)
177 silly packumentCache corgi:https://registry.npmjs.org/@mrleebo%2fprisma-ast set size:47236 disposed:false
178 silly packumentCache corgi:https://registry.npmjs.org/@prisma%2fclient cache-miss
179 http fetch GET 200 https://registry.npmjs.org/@prisma%2fclient 1153ms (cache miss)
180 silly packumentCache corgi:https://registry.npmjs.org/@prisma%2fclient set size:undefined disposed:false
181 silly ADD node_modules/yn
182 silly ADD node_modules/v8-compile-cache-lib
183 silly ADD node_modules/make-error
184 silly ADD node_modules/diff
185 silly ADD node_modules/create-require
186 silly ADD node_modules/arg
187 silly ADD node_modules/acorn-walk
188 silly ADD node_modules/@tsconfig/node16
189 silly ADD node_modules/@tsconfig/node14
190 silly ADD node_modules/@tsconfig/node12
191 silly ADD node_modules/@tsconfig/node10
192 silly ADD node_modules/@cspotcode/source-map-support
193 silly ADD node_modules/@cspotcode/source-map-support/node_modules/@jridgewell/trace-mapping
194 silly ADD node_modules/ts-node
195 verbose cwd /Users/kumareshsingha/Hold Up Retail Solutions
196 verbose os Darwin 25.2.0
197 verbose node v24.14.0
198 verbose npm  v11.9.0
199 verbose exit 0
200 info ok
