0 verbose cli /usr/local/bin/node /usr/local/bin/npm
1 info using npm@11.9.0
2 info using node@v24.14.0
3 silly config load:file:/usr/local/lib/node_modules/npm/npmrc
4 silly config load:file:/Users/kumareshsingha/Hold Up Retail Solutions/.npmrc
5 silly config load:file:/Users/kumareshsingha/.npmrc
6 silly config load:file:/usr/local/etc/npmrc
7 verbose title npm install tsx
8 verbose argv "install" "--save-dev" "tsx"
9 verbose logfile logs-max:10 dir:/Users/kumareshsingha/Hold Up Retail Solutions/.npm-cache/_logs/2026-02-27T16_12_12_386Z-
10 verbose logfile /Users/kumareshsingha/Hold Up Retail Solutions/.npm-cache/_logs/2026-02-27T16_12_12_386Z-debug-0.log
11 silly logfile start cleaning logs, removing 1 files
12 silly packumentCache heap:2348810240 maxSize:587202560 maxEntrySize:293601280
13 silly logfile done cleaning log files
14 verbose shrinkwrap failed to load node_modules/.package-lock.json out of date, updated: node_modules
15 silly idealTree buildDeps
16 silly fetch manifest tsx@*
17 silly packumentCache full:https://registry.npmjs.org/tsx cache-miss
18 http fetch GET 200 https://registry.npmjs.org/tsx 385ms (cache miss)
19 silly packumentCache full:https://registry.npmjs.org/tsx set size:undefined disposed:false
20 silly placeDep ROOT tsx@4.21.0 OK for: hold-up-retail-solutions@0.1.0 want: *
21 silly fetch manifest esbuild@~0.27.0
22 silly packumentCache full:https://registry.npmjs.org/esbuild cache-miss
23 http fetch GET 200 https://registry.npmjs.org/esbuild 406ms (cache miss)
24 silly packumentCache full:https://registry.npmjs.org/esbuild set size:undefined disposed:false
25 silly placeDep ROOT esbuild@0.27.3 OK for: tsx@4.21.0 want: ~0.27.0
26 silly fetch manifest @esbuild/aix-ppc64@0.27.3
27 silly packumentCache full:https://registry.npmjs.org/@esbuild%2faix-ppc64 cache-miss
28 silly fetch manifest @esbuild/android-arm@0.27.3
29 silly packumentCache full:https://registry.npmjs.org/@esbuild%2fandroid-arm cache-miss
30 silly fetch manifest @esbuild/android-arm64@0.27.3
31 silly packumentCache full:https://registry.npmjs.org/@esbuild%2fandroid-arm64 cache-miss
32 silly fetch manifest @esbuild/android-x64@0.27.3
33 silly packumentCache full:https://registry.npmjs.org/@esbuild%2fandroid-x64 cache-miss
34 silly fetch manifest @esbuild/darwin-arm64@0.27.3
35 silly packumentCache full:https://registry.npmjs.org/@esbuild%2fdarwin-arm64 cache-miss
36 silly fetch manifest @esbuild/darwin-x64@0.27.3
37 silly packumentCache full:https://registry.npmjs.org/@esbuild%2fdarwin-x64 cache-miss
38 silly fetch manifest @esbuild/freebsd-arm64@0.27.3
39 silly packumentCache full:https://registry.npmjs.org/@esbuild%2ffreebsd-arm64 cache-miss
40 http fetch GET 200 https://registry.npmjs.org/@esbuild%2fandroid-arm64 378ms (cache miss)
41 silly packumentCache full:https://registry.npmjs.org/@esbuild%2fandroid-arm64 set size:undefined disposed:false
42 silly fetch manifest @esbuild/freebsd-x64@0.27.3
43 silly packumentCache full:https://registry.npmjs.org/@esbuild%2ffreebsd-x64 cache-miss
44 http fetch GET 200 https://registry.npmjs.org/@esbuild%2faix-ppc64 415ms (cache miss)
45 silly packumentCache full:https://registry.npmjs.org/@esbuild%2faix-ppc64 set size:undefined disposed:false
46 silly fetch manifest @esbuild/linux-arm@0.27.3
47 silly packumentCache full:https://registry.npmjs.org/@esbuild%2flinux-arm cache-miss
48 http fetch GET 200 https://registry.npmjs.org/@esbuild%2fandroid-x64 415ms (cache miss)
49 silly packumentCache full:https://registry.npmjs.org/@esbuild%2fandroid-x64 set size:undefined disposed:false
50 silly fetch manifest @esbuild/linux-arm64@0.27.3
51 silly packumentCache full:https://registry.npmjs.org/@esbuild%2flinux-arm64 cache-miss
52 http fetch GET 200 https://registry.npmjs.org/@esbuild%2fdarwin-arm64 468ms (cache miss)
53 silly packumentCache full:https://registry.npmjs.org/@esbuild%2fdarwin-arm64 set size:undefined disposed:false
54 silly fetch manifest @esbuild/linux-ia32@0.27.3
55 silly packumentCache full:https://registry.npmjs.org/@esbuild%2flinux-ia32 cache-miss
56 http fetch GET 200 https://registry.npmjs.org/@esbuild%2ffreebsd-arm64 470ms (cache miss)
57 silly packumentCache full:https://registry.npmjs.org/@esbuild%2ffreebsd-arm64 set size:undefined disposed:false
58 silly fetch manifest @esbuild/linux-loong64@0.27.3
59 silly packumentCache full:https://registry.npmjs.org/@esbuild%2flinux-loong64 cache-miss
60 http fetch GET 200 https://registry.npmjs.org/@esbuild%2fdarwin-x64 475ms (cache miss)
61 silly packumentCache full:https://registry.npmjs.org/@esbuild%2fdarwin-x64 set size:undefined disposed:false
62 silly fetch manifest @esbuild/linux-mips64el@0.27.3
63 silly packumentCache full:https://registry.npmjs.org/@esbuild%2flinux-mips64el cache-miss
64 http fetch GET 200 https://registry.npmjs.org/@esbuild%2fandroid-arm 485ms (cache miss)
65 silly packumentCache full:https://registry.npmjs.org/@esbuild%2fandroid-arm set size:undefined disposed:false
66 silly fetch manifest @esbuild/linux-ppc64@0.27.3
67 silly packumentCache full:https://registry.npmjs.org/@esbuild%2flinux-ppc64 cache-miss
68 http fetch GET 200 https://registry.npmjs.org/@esbuild%2ffreebsd-x64 116ms (cache miss)
69 silly packumentCache full:https://registry.npmjs.org/@esbuild%2ffreebsd-x64 set size:undefined disposed:false
70 silly fetch manifest @esbuild/linux-riscv64@0.27.3
71 silly packumentCache full:https://registry.npmjs.org/@esbuild%2flinux-riscv64 cache-miss
72 http fetch GET 200 https://registry.npmjs.org/@esbuild%2flinux-arm 117ms (cache miss)
73 silly packumentCache full:https://registry.npmjs.org/@esbuild%2flinux-arm set size:undefined disposed:false
74 silly fetch manifest @esbuild/linux-s390x@0.27.3
75 silly packumentCache full:https://registry.npmjs.org/@esbuild%2flinux-s390x cache-miss
76 http fetch GET 200 https://registry.npmjs.org/@esbuild%2flinux-arm64 127ms (cache miss)
77 silly packumentCache full:https://registry.npmjs.org/@esbuild%2flinux-arm64 set size:undefined disposed:false
78 silly fetch manifest @esbuild/linux-x64@0.27.3
79 silly packumentCache full:https://registry.npmjs.org/@esbuild%2flinux-x64 cache-miss
80 http fetch GET 200 https://registry.npmjs.org/@esbuild%2flinux-loong64 136ms (cache miss)
81 silly packumentCache full:https://registry.npmjs.org/@esbuild%2flinux-loong64 set size:undefined disposed:false
82 silly fetch manifest @esbuild/netbsd-arm64@0.27.3
83 silly packumentCache full:https://registry.npmjs.org/@esbuild%2fnetbsd-arm64 cache-miss
84 http fetch GET 200 https://registry.npmjs.org/@esbuild%2flinux-ia32 143ms (cache miss)
85 silly packumentCache full:https://registry.npmjs.org/@esbuild%2flinux-ia32 set size:undefined disposed:false
86 silly fetch manifest @esbuild/netbsd-x64@0.27.3
87 silly packumentCache full:https://registry.npmjs.org/@esbuild%2fnetbsd-x64 cache-miss
88 http fetch GET 200 https://registry.npmjs.org/@esbuild%2flinux-mips64el 138ms (cache miss)
89 silly packumentCache full:https://registry.npmjs.org/@esbuild%2flinux-mips64el set size:undefined disposed:false
90 silly fetch manifest @esbuild/openbsd-arm64@0.27.3
91 silly packumentCache full:https://registry.npmjs.org/@esbuild%2fopenbsd-arm64 cache-miss
92 http fetch GET 200 https://registry.npmjs.org/@esbuild%2flinux-riscv64 119ms (cache miss)
93 silly packumentCache full:https://registry.npmjs.org/@esbuild%2flinux-riscv64 set size:undefined disposed:false
94 silly fetch manifest @esbuild/openbsd-x64@0.27.3
95 silly packumentCache full:https://registry.npmjs.org/@esbuild%2fopenbsd-x64 cache-miss
96 http fetch GET 200 https://registry.npmjs.org/@esbuild%2flinux-ppc64 133ms (cache miss)
97 silly packumentCache full:https://registry.npmjs.org/@esbuild%2flinux-ppc64 set size:undefined disposed:false
98 silly fetch manifest @esbuild/openharmony-arm64@0.27.3
99 silly packumentCache full:https://registry.npmjs.org/@esbuild%2fopenharmony-arm64 cache-miss
100 http fetch GET 200 https://registry.npmjs.org/@esbuild%2flinux-s390x 114ms (cache miss)
101 silly packumentCache full:https://registry.npmjs.org/@esbuild%2flinux-s390x set size:undefined disposed:false
102 silly fetch manifest @esbuild/sunos-x64@0.27.3
103 silly packumentCache full:https://registry.npmjs.org/@esbuild%2fsunos-x64 cache-miss
104 http fetch GET 200 https://registry.npmjs.org/@esbuild%2fnetbsd-arm64 163ms (cache miss)
105 silly packumentCache full:https://registry.npmjs.org/@esbuild%2fnetbsd-arm64 set size:undefined disposed:false
106 silly fetch manifest @esbuild/win32-arm64@0.27.3
107 silly packumentCache full:https://registry.npmjs.org/@esbuild%2fwin32-arm64 cache-miss
108 http fetch GET 200 https://registry.npmjs.org/@esbuild%2flinux-x64 228ms (cache miss)
109 silly packumentCache full:https://registry.npmjs.org/@esbuild%2flinux-x64 set size:undefined disposed:false
110 silly fetch manifest @esbuild/win32-ia32@0.27.3
111 silly packumentCache full:https://registry.npmjs.org/@esbuild%2fwin32-ia32 cache-miss
112 http fetch GET 200 https://registry.npmjs.org/@esbuild%2fwin32-ia32 122ms (cache miss)
113 silly packumentCache full:https://registry.npmjs.org/@esbuild%2fwin32-ia32 set size:undefined disposed:false
114 silly fetch manifest @esbuild/win32-x64@0.27.3
115 silly packumentCache full:https://registry.npmjs.org/@esbuild%2fwin32-x64 cache-miss
116 http fetch GET 200 https://registry.npmjs.org/@esbuild%2fwin32-arm64 126ms (cache miss)
117 silly packumentCache full:https://registry.npmjs.org/@esbuild%2fwin32-arm64 set size:undefined disposed:false
118 http fetch GET 200 https://registry.npmjs.org/@esbuild%2fopenharmony-arm64 347ms (cache miss)
119 silly packumentCache full:https://registry.npmjs.org/@esbuild%2fopenharmony-arm64 set size:undefined disposed:false
120 http fetch GET 200 https://registry.npmjs.org/@esbuild%2fwin32-x64 105ms (cache miss)
121 silly packumentCache full:https://registry.npmjs.org/@esbuild%2fwin32-x64 set size:undefined disposed:false
122 http fetch GET 200 https://registry.npmjs.org/@esbuild%2fopenbsd-arm64 448ms (cache miss)
123 silly packumentCache full:https://registry.npmjs.org/@esbuild%2fopenbsd-arm64 set size:undefined disposed:false
124 http fetch GET 200 https://registry.npmjs.org/@esbuild%2fnetbsd-x64 580ms (cache miss)
125 silly packumentCache full:https://registry.npmjs.org/@esbuild%2fnetbsd-x64 set size:undefined disposed:false
126 http fetch GET 200 https://registry.npmjs.org/@esbuild%2fsunos-x64 547ms (cache miss)
127 silly packumentCache full:https://registry.npmjs.org/@esbuild%2fsunos-x64 set size:undefined disposed:false
128 http fetch GET 200 https://registry.npmjs.org/@esbuild%2fopenbsd-x64 678ms (cache miss)
129 silly packumentCache full:https://registry.npmjs.org/@esbuild%2fopenbsd-x64 set size:undefined disposed:false
130 silly placeDep ROOT @esbuild/aix-ppc64@0.27.3 OK for: esbuild@0.27.3 want: 0.27.3
131 silly placeDep ROOT @esbuild/android-arm@0.27.3 OK for: esbuild@0.27.3 want: 0.27.3
132 silly placeDep ROOT @esbuild/android-arm64@0.27.3 OK for: esbuild@0.27.3 want: 0.27.3
133 silly placeDep ROOT @esbuild/android-x64@0.27.3 OK for: esbuild@0.27.3 want: 0.27.3
134 silly placeDep ROOT @esbuild/darwin-arm64@0.27.3 OK for: esbuild@0.27.3 want: 0.27.3
135 silly placeDep ROOT @esbuild/darwin-x64@0.27.3 OK for: esbuild@0.27.3 want: 0.27.3
136 silly placeDep ROOT @esbuild/freebsd-arm64@0.27.3 OK for: esbuild@0.27.3 want: 0.27.3
137 silly placeDep ROOT @esbuild/freebsd-x64@0.27.3 OK for: esbuild@0.27.3 want: 0.27.3
138 silly placeDep ROOT @esbuild/linux-arm@0.27.3 OK for: esbuild@0.27.3 want: 0.27.3
139 silly placeDep ROOT @esbuild/linux-arm64@0.27.3 OK for: esbuild@0.27.3 want: 0.27.3
140 silly placeDep ROOT @esbuild/linux-ia32@0.27.3 OK for: esbuild@0.27.3 want: 0.27.3
141 silly placeDep ROOT @esbuild/linux-loong64@0.27.3 OK for: esbuild@0.27.3 want: 0.27.3
142 silly placeDep ROOT @esbuild/linux-mips64el@0.27.3 OK for: esbuild@0.27.3 want: 0.27.3
143 silly placeDep ROOT @esbuild/linux-ppc64@0.27.3 OK for: esbuild@0.27.3 want: 0.27.3
144 silly placeDep ROOT @esbuild/linux-riscv64@0.27.3 OK for: esbuild@0.27.3 want: 0.27.3
145 silly placeDep ROOT @esbuild/linux-s390x@0.27.3 OK for: esbuild@0.27.3 want: 0.27.3
146 silly placeDep ROOT @esbuild/linux-x64@0.27.3 OK for: esbuild@0.27.3 want: 0.27.3
147 silly placeDep ROOT @esbuild/netbsd-arm64@0.27.3 OK for: esbuild@0.27.3 want: 0.27.3
148 silly placeDep ROOT @esbuild/netbsd-x64@0.27.3 OK for: esbuild@0.27.3 want: 0.27.3
149 silly placeDep ROOT @esbuild/openbsd-arm64@0.27.3 OK for: esbuild@0.27.3 want: 0.27.3
150 silly placeDep ROOT @esbuild/openbsd-x64@0.27.3 OK for: esbuild@0.27.3 want: 0.27.3
151 silly placeDep ROOT @esbuild/openharmony-arm64@0.27.3 OK for: esbuild@0.27.3 want: 0.27.3
152 silly placeDep ROOT @esbuild/sunos-x64@0.27.3 OK for: esbuild@0.27.3 want: 0.27.3
153 silly placeDep ROOT @esbuild/win32-arm64@0.27.3 OK for: esbuild@0.27.3 want: 0.27.3
154 silly placeDep ROOT @esbuild/win32-ia32@0.27.3 OK for: esbuild@0.27.3 want: 0.27.3
155 silly placeDep ROOT @esbuild/win32-x64@0.27.3 OK for: esbuild@0.27.3 want: 0.27.3
156 silly reify moves {}
157 silly audit bulk request {
157 silly audit   '@alloc/quick-lru': [ '5.2.0' ],
157 silly audit   '@antfu/ni': [ '25.0.0' ],
157 silly audit   '@babel/code-frame': [ '7.29.0' ],
157 silly audit   '@babel/compat-data': [ '7.29.0' ],
157 silly audit   '@babel/core': [ '7.29.0' ],
157 silly audit   '@babel/generator': [ '7.29.1' ],
157 silly audit   '@babel/helper-annotate-as-pure': [ '7.27.3' ],
157 silly audit   '@babel/helper-compilation-targets': [ '7.28.6' ],
157 silly audit   '@babel/helper-create-class-features-plugin': [ '7.28.6' ],
157 silly audit   '@babel/helper-globals': [ '7.28.0' ],
157 silly audit   '@babel/helper-member-expression-to-functions': [ '7.28.5' ],
157 silly audit   '@babel/helper-module-imports': [ '7.28.6' ],
157 silly audit   '@babel/helper-module-transforms': [ '7.28.6' ],
157 silly audit   '@babel/helper-optimise-call-expression': [ '7.27.1' ],
157 silly audit   '@babel/helper-plugin-utils': [ '7.28.6' ],
157 silly audit   '@babel/helper-replace-supers': [ '7.28.6' ],
157 silly audit   '@babel/helper-skip-transparent-expression-wrappers': [ '7.27.1' ],
157 silly audit   '@babel/helper-string-parser': [ '7.27.1' ],
157 silly audit   '@babel/helper-validator-identifier': [ '7.28.5' ],
157 silly audit   '@babel/helper-validator-option': [ '7.27.1' ],
157 silly audit   '@babel/helpers': [ '7.28.6' ],
157 silly audit   '@babel/parser': [ '7.29.0' ],
157 silly audit   '@babel/plugin-syntax-jsx': [ '7.28.6' ],
157 silly audit   '@babel/plugin-syntax-typescript': [ '7.28.6' ],
157 silly audit   '@babel/plugin-transform-modules-commonjs': [ '7.28.6' ],
157 silly audit   '@babel/plugin-transform-typescript': [ '7.28.6' ],
157 silly audit   '@babel/preset-typescript': [ '7.28.5' ],
157 silly audit   '@babel/runtime': [ '7.28.6' ],
157 silly audit   '@babel/template': [ '7.28.6' ],
157 silly audit   '@babel/traverse': [ '7.29.0' ],
157 silly audit   '@babel/types': [ '7.29.0' ],
157 silly audit   '@cspotcode/source-map-support': [ '0.8.1' ],
157 silly audit   '@jridgewell/trace-mapping': [ '0.3.9', '0.3.31' ],
157 silly audit   '@dotenvx/dotenvx': [ '1.52.0' ],
157 silly audit   commander: [ '11.1.0', '14.0.3' ],
157 silly audit   dotenv: [ '17.3.1' ],
157 silly audit   execa: [ '5.1.1', '9.6.1' ],
157 silly audit   fdir: [ '6.5.0' ],
157 silly audit   'get-stream': [ '6.0.1', '9.0.1' ],
157 silly audit   'human-signals': [ '2.1.0', '8.0.1' ],
157 silly audit   'is-stream': [ '2.0.1', '4.0.1' ],
157 silly audit   isexe: [ '3.1.5', '2.0.0' ],
157 silly audit   'npm-run-path': [ '4.0.1', '6.0.0' ],
157 silly audit   onetime: [ '5.1.2', '7.0.0' ],
157 silly audit   picomatch: [ '4.0.3', '2.3.1' ],
157 silly audit   'signal-exit': [ '3.0.7', '4.1.0' ],
157 silly audit   'strip-final-newline': [ '2.0.0', '4.0.0' ],
157 silly audit   which: [ '4.0.0', '2.0.2' ],
157 silly audit   '@ecies/ciphers': [ '0.2.5' ],
157 silly audit   '@emnapi/core': [ '1.8.1' ],
157 silly audit   '@emnapi/runtime': [ '1.8.1' ],
157 silly audit   '@emnapi/wasi-threads': [ '1.1.0' ],
157 silly audit   '@eslint-community/eslint-utils': [ '4.9.1' ],
157 silly audit   'eslint-visitor-keys': [ '3.4.3', '5.0.1', '4.2.1' ],
157 silly audit   '@eslint-community/regexpp': [ '4.12.2' ],
157 silly audit   '@eslint/config-array': [ '0.21.1' ],
157 silly audit   '@eslint/config-helpers': [ '0.4.2' ],
157 silly audit   '@eslint/core': [ '0.17.0' ],
157 silly audit   '@eslint/eslintrc': [ '3.3.4' ],
157 silly audit   '@eslint/js': [ '9.39.3' ],
157 silly audit   '@eslint/object-schema': [ '2.1.7' ],
157 silly audit   '@eslint/plugin-kit': [ '0.4.1' ],
157 silly audit   '@floating-ui/core': [ '1.7.4' ],
157 silly audit   '@floating-ui/dom': [ '1.7.5' ],
157 silly audit   '@floating-ui/react-dom': [ '2.1.7' ],
157 silly audit   '@floating-ui/utils': [ '0.2.10' ],
157 silly audit   '@hono/node-server': [ '1.19.9' ],
157 silly audit   '@humanfs/core': [ '0.19.1' ],
157 silly audit   '@humanfs/node': [ '0.16.7' ],
157 silly audit   '@humanwhocodes/module-importer': [ '1.0.1' ],
157 silly audit   '@humanwhocodes/retry': [ '0.4.3' ],
157 silly audit   '@img/colour': [ '1.0.0' ],
157 silly audit   '@img/sharp-darwin-arm64': [ '0.34.5' ],
157 silly audit   '@img/sharp-darwin-x64': [ '0.34.5' ],
157 silly audit   '@img/sharp-libvips-darwin-arm64': [ '1.2.4' ],
157 silly audit   '@img/sharp-libvips-darwin-x64': [ '1.2.4' ],
157 silly audit   '@img/sharp-libvips-linux-arm': [ '1.2.4' ],
157 silly audit   '@img/sharp-libvips-linux-arm64': [ '1.2.4' ],
157 silly audit   '@img/sharp-libvips-linux-ppc64': [ '1.2.4' ],
157 silly audit   '@img/sharp-libvips-linux-riscv64': [ '1.2.4' ],
157 silly audit   '@img/sharp-libvips-linux-s390x': [ '1.2.4' ],
157 silly audit   '@img/sharp-libvips-linux-x64': [ '1.2.4' ],
157 silly audit   '@img/sharp-libvips-linuxmusl-arm64': [ '1.2.4' ],
157 silly audit   '@img/sharp-libvips-linuxmusl-x64': [ '1.2.4' ],
157 silly audit   '@img/sharp-linux-arm': [ '0.34.5' ],
157 silly audit   '@img/sharp-linux-arm64': [ '0.34.5' ],
157 silly audit   '@img/sharp-linux-ppc64': [ '0.34.5' ],
157 silly audit   '@img/sharp-linux-riscv64': [ '0.34.5' ],
157 silly audit   '@img/sharp-linux-s390x': [ '0.34.5' ],
157 silly audit   '@img/sharp-linux-x64': [ '0.34.5' ],
157 silly audit   '@img/sharp-linuxmusl-arm64': [ '0.34.5' ],
157 silly audit   '@img/sharp-linuxmusl-x64': [ '0.34.5' ],
157 silly audit   '@img/sharp-wasm32': [ '0.34.5' ],
157 silly audit   '@img/sharp-win32-arm64': [ '0.34.5' ],
157 silly audit   '@img/sharp-win32-ia32': [ '0.34.5' ],
157 silly audit   '@img/sharp-win32-x64': [ '0.34.5' ],
157 silly audit   '@inquirer/ansi': [ '1.0.2' ],
157 silly audit   '@inquirer/confirm': [ '5.1.21' ],
157 silly audit   '@inquirer/core': [ '10.3.2' ],
157 silly audit   '@inquirer/figures': [ '1.0.15' ],
157 silly audit   '@inquirer/type': [ '3.0.10' ],
157 silly audit   '@jridgewell/gen-mapping': [ '0.3.13' ],
157 silly audit   '@jridgewell/remapping': [ '2.3.5' ],
157 silly audit   '@jridgewell/resolve-uri': [ '3.1.2' ],
157 silly audit   '@jridgewell/sourcemap-codec': [ '1.5.5' ],
157 silly audit   '@modelcontextprotocol/sdk': [ '1.27.1' ],
157 silly audit   ajv: [ '8.18.0', '6.14.0' ],
157 silly audit   jose: [ '6.1.3', '4.15.9' ],
157 silly audit   'json-schema-traverse': [ '1.0.0', '0.4.1' ],
157 silly audit   '@mswjs/interceptors': [ '0.41.3' ],
157 silly audit   '@napi-rs/wasm-runtime': [ '0.2.12' ],
157 silly audit   '@next/env': [ '16.1.6' ],
157 silly audit   '@next/eslint-plugin-next': [ '16.1.6' ],
157 silly audit   '@next/swc-darwin-arm64': [ '16.1.6' ],
157 silly audit   '@next/swc-darwin-x64': [ '16.1.6' ],
157 silly audit   '@next/swc-linux-arm64-gnu': [ '16.1.6' ],
157 silly audit   '@next/swc-linux-arm64-musl': [ '16.1.6' ],
157 silly audit   '@next/swc-linux-x64-gnu': [ '16.1.6' ],
157 silly audit   '@next/swc-linux-x64-musl': [ '16.1.6' ],
157 silly audit   '@next/swc-win32-arm64-msvc': [ '16.1.6' ],
157 silly audit   '@next/swc-win32-x64-msvc': [ '16.1.6' ],
157 silly audit   '@noble/ciphers': [ '1.3.0' ],
157 silly audit   '@noble/curves': [ '1.9.7' ],
157 silly audit   '@noble/hashes': [ '1.8.0' ],
157 silly audit   '@nodelib/fs.scandir': [ '2.1.5' ],
157 silly audit   '@nodelib/fs.stat': [ '2.0.5' ],
157 silly audit   '@nodelib/fs.walk': [ '1.2.8' ],
157 silly audit   '@nolyfill/is-core-module': [ '1.0.39' ],
157 silly audit   '@open-draft/deferred-promise': [ '2.2.0' ],
157 silly audit   '@open-draft/logger': [ '0.3.0' ],
157 silly audit   '@open-draft/until': [ '2.1.0' ],
157 silly audit   '@panva/hkdf': [ '1.2.1' ],
157 silly audit   '@prisma/client': [ '5.22.0' ],
157 silly audit   '@prisma/debug': [ '5.22.0' ],
157 silly audit   '@prisma/engines': [ '5.22.0' ],
157 silly audit   '@prisma/engines-version': [ '5.22.0-44.605197351a3c8bdd595af2d2a9bc3025bca48ea2' ],
157 silly audit   '@prisma/fetch-engine': [ '5.22.0' ],
157 silly audit   '@prisma/get-platform': [ '5.22.0' ],
157 silly audit   '@radix-ui/number': [ '1.1.1' ],
157 silly audit   '@radix-ui/primitive': [ '1.1.3' ],
157 silly audit   '@radix-ui/react-accessible-icon': [ '1.1.7' ],
157 silly audit   '@radix-ui/react-accordion': [ '1.2.12' ],
157 silly audit   '@radix-ui/react-alert-dialog': [ '1.1.15' ],
157 silly audit   '@radix-ui/react-arrow': [ '1.1.7' ],
157 silly audit   '@radix-ui/react-aspect-ratio': [ '1.1.7' ],
157 silly audit   '@radix-ui/react-avatar': [ '1.1.10' ],
157 silly audit   '@radix-ui/react-checkbox': [ '1.3.3' ],
157 silly audit   '@radix-ui/react-collapsible': [ '1.1.12' ],
157 silly audit   '@radix-ui/react-collection': [ '1.1.7' ],
157 silly audit   '@radix-ui/react-compose-refs': [ '1.1.2' ],
157 silly audit   '@radix-ui/react-context': [ '1.1.2' ],
157 silly audit   '@radix-ui/react-context-menu': [ '2.2.16' ],
157 silly audit   '@radix-ui/react-dialog': [ '1.1.15' ],
157 silly audit   '@radix-ui/react-direction': [ '1.1.1' ],
157 silly audit   '@radix-ui/react-dismissable-layer': [ '1.1.11' ],
157 silly audit   '@radix-ui/react-dropdown-menu': [ '2.1.16' ],
157 silly audit   '@radix-ui/react-focus-guards': [ '1.1.3' ],
157 silly audit   '@radix-ui/react-focus-scope': [ '1.1.7' ],
157 silly audit   '@radix-ui/react-form': [ '0.1.8' ],
157 silly audit   '@radix-ui/react-hover-card': [ '1.1.15' ],
157 silly audit   '@radix-ui/react-id': [ '1.1.1' ],
157 silly audit   '@radix-ui/react-label': [ '2.1.7' ],
157 silly audit   '@radix-ui/react-menu': [ '2.1.16' ],
157 silly audit   '@radix-ui/react-menubar': [ '1.1.16' ],
157 silly audit   '@radix-ui/react-navigation-menu': [ '1.2.14' ],
157 silly audit   '@radix-ui/react-one-time-password-field': [ '0.1.8' ],
157 silly audit   '@radix-ui/react-password-toggle-field': [ '0.1.3' ],
157 silly audit   '@radix-ui/react-popover': [ '1.1.15' ],
157 silly audit   '@radix-ui/react-popper': [ '1.2.8' ],
157 silly audit   '@radix-ui/react-portal': [ '1.1.9' ],
157 silly audit   '@radix-ui/react-presence': [ '1.1.5' ],
157 silly audit   '@radix-ui/react-primitive': [ '2.1.3' ],
157 silly audit   '@radix-ui/react-progress': [ '1.1.7' ],
157 silly audit   '@radix-ui/react-radio-group': [ '1.3.8' ],
157 silly audit   '@radix-ui/react-roving-focus': [ '1.1.11' ],
157 silly audit   '@radix-ui/react-scroll-area': [ '1.2.10' ],
157 silly audit   '@radix-ui/react-select': [ '2.2.6' ],
157 silly audit   '@radix-ui/react-separator': [ '1.1.7' ],
157 silly audit   '@radix-ui/react-slider': [ '1.3.6' ],
157 silly audit   '@radix-ui/react-slot': [ '1.2.3' ],
157 silly audit   '@radix-ui/react-switch': [ '1.2.6' ],
157 silly audit   '@radix-ui/react-tabs': [ '1.1.13' ],
157 silly audit   '@radix-ui/react-toast': [ '1.2.15' ],
157 silly audit   '@radix-ui/react-toggle': [ '1.1.10' ],
157 silly audit   '@radix-ui/react-toggle-group': [ '1.1.11' ],
157 silly audit   '@radix-ui/react-toolbar': [ '1.1.11' ],
157 silly audit   '@radix-ui/react-tooltip': [ '1.2.8' ],
157 silly audit   '@radix-ui/react-use-callback-ref': [ '1.1.1' ],
157 silly audit   '@radix-ui/react-use-controllable-state': [ '1.2.2' ],
157 silly audit   '@radix-ui/react-use-effect-event': [ '0.0.2' ],
157 silly audit   '@radix-ui/react-use-escape-keydown': [ '1.1.1' ],
157 silly audit   '@radix-ui/react-use-is-hydrated': [ '0.1.0' ],
157 silly audit   '@radix-ui/react-use-layout-effect': [ '1.1.1' ],
157 silly audit   '@radix-ui/react-use-previous': [ '1.1.1' ],
157 silly audit   '@radix-ui/react-use-rect': [ '1.1.1' ],
157 silly audit   '@radix-ui/react-use-size': [ '1.1.1' ],
157 silly audit   '@radix-ui/react-visually-hidden': [ '1.2.3' ],
157 silly audit   '@radix-ui/rect': [ '1.1.1' ],
157 silly audit   '@rtsao/scc': [ '1.1.0' ],
157 silly audit   '@sec-ant/readable-stream': [ '0.4.1' ],
157 silly audit   '@sindresorhus/merge-streams': [ '4.0.0' ],
157 silly audit   '@swc/helpers': [ '0.5.15' ],
157 silly audit   '@tailwindcss/node': [ '4.2.1' ],
157 silly audit   '@tailwindcss/oxide': [ '4.2.1' ],
157 silly audit   '@tailwindcss/oxide-android-arm64': [ '4.2.1' ],
157 silly audit   '@tailwindcss/oxide-darwin-arm64': [ '4.2.1' ],
157 silly audit   '@tailwindcss/oxide-darwin-x64': [ '4.2.1' ],
157 silly audit   '@tailwindcss/oxide-freebsd-x64': [ '4.2.1' ],
157 silly audit   '@tailwindcss/oxide-linux-arm-gnueabihf': [ '4.2.1' ],
157 silly audit   '@tailwindcss/oxide-linux-arm64-gnu': [ '4.2.1' ],
157 silly audit   '@tailwindcss/oxide-linux-arm64-musl': [ '4.2.1' ],
157 silly audit   '@tailwindcss/oxide-linux-x64-gnu': [ '4.2.1' ],
157 silly audit   '@tailwindcss/oxide-linux-x64-musl': [ '4.2.1' ],
157 silly audit   '@tailwindcss/oxide-wasm32-wasi': [ '4.2.1' ],
157 silly audit   '@tailwindcss/oxide-win32-arm64-msvc': [ '4.2.1' ],
157 silly audit   '@tailwindcss/oxide-win32-x64-msvc': [ '4.2.1' ],
157 silly audit   '@tailwindcss/postcss': [ '4.2.1' ],
157 silly audit   '@ts-morph/common': [ '0.27.0' ],
157 silly audit   'balanced-match': [ '4.0.4', '1.0.2' ],
157 silly audit   'brace-expansion': [ '5.0.4', '1.1.12' ],
157 silly audit   'fast-glob': [ '3.3.3', '3.3.1' ],
157 silly audit   'glob-parent': [ '5.1.2', '6.0.2' ],
157 silly audit   minimatch: [ '10.2.4', '3.1.5' ],
157 silly audit   '@tsconfig/node10': [ '1.0.12' ],
157 silly audit   '@tsconfig/node12': [ '1.0.11' ],
157 silly audit   '@tsconfig/node14': [ '1.0.3' ],
157 silly audit   '@tsconfig/node16': [ '1.0.4' ],
157 silly audit   '@tybys/wasm-util': [ '0.10.1' ],
157 silly audit   '@types/estree': [ '1.0.8' ],
157 silly audit   '@types/json-schema': [ '7.0.15' ],
157 silly audit   '@types/json5': [ '0.0.29' ],
157 silly audit   '@types/node': [ '20.19.35' ],
157 silly audit   '@types/react': [ '19.2.14' ],
157 silly audit   '@types/react-dom': [ '19.2.3' ],
157 silly audit   '@types/statuses': [ '2.0.6' ],
157 silly audit   '@types/validate-npm-package-name': [ '4.0.2' ],
157 silly audit   '@typescript-eslint/eslint-plugin': [ '8.56.1' ],
157 silly audit   ignore: [ '7.0.5', '5.3.2' ],
157 silly audit   '@typescript-eslint/parser': [ '8.56.1' ],
157 silly audit   '@typescript-eslint/project-service': [ '8.56.1' ],
157 silly audit   '@typescript-eslint/scope-manager': [ '8.56.1' ],
157 silly audit   '@typescript-eslint/tsconfig-utils': [ '8.56.1' ],
157 silly audit   '@typescript-eslint/type-utils': [ '8.56.1' ],
157 silly audit   '@typescript-eslint/types': [ '8.56.1' ],
157 silly audit   '@typescript-eslint/typescript-estree': [ '8.56.1' ],
157 silly audit   semver: [ '7.7.4', '6.3.1' ],
157 silly audit   '@typescript-eslint/utils': [ '8.56.1' ],
157 silly audit   '@typescript-eslint/visitor-keys': [ '8.56.1' ],
157 silly audit   '@unrs/resolver-binding-android-arm-eabi': [ '1.11.1' ],
157 silly audit   '@unrs/resolver-binding-android-arm64': [ '1.11.1' ],
157 silly audit   '@unrs/resolver-binding-darwin-arm64': [ '1.11.1' ],
157 silly audit   '@unrs/resolver-binding-darwin-x64': [ '1.11.1' ],
157 silly audit   '@unrs/resolver-binding-freebsd-x64': [ '1.11.1' ],
157 silly audit   '@unrs/resolver-binding-linux-arm-gnueabihf': [ '1.11.1' ],
157 silly audit   '@unrs/resolver-binding-linux-arm-musleabihf': [ '1.11.1' ],
157 silly audit   '@unrs/resolver-binding-linux-arm64-gnu': [ '1.11.1' ],
157 silly audit   '@unrs/resolver-binding-linux-arm64-musl': [ '1.11.1' ],
157 silly audit   '@unrs/resolver-binding-linux-ppc64-gnu': [ '1.11.1' ],
157 silly audit   '@unrs/resolver-binding-linux-riscv64-gnu': [ '1.11.1' ],
157 silly audit   '@unrs/resolver-binding-linux-riscv64-musl': [ '1.11.1' ],
157 silly audit   '@unrs/resolver-binding-linux-s390x-gnu': [ '1.11.1' ],
157 silly audit   '@unrs/resolver-binding-linux-x64-gnu': [ '1.11.1' ],
157 silly audit   '@unrs/resolver-binding-linux-x64-musl': [ '1.11.1' ],
157 silly audit   '@unrs/resolver-binding-wasm32-wasi': [ '1.11.1' ],
157 silly audit   '@unrs/resolver-binding-win32-arm64-msvc': [ '1.11.1' ],
157 silly audit   '@unrs/resolver-binding-win32-ia32-msvc': [ '1.11.1' ],
157 silly audit   '@unrs/resolver-binding-win32-x64-msvc': [ '1.11.1' ],
157 silly audit   accepts: [ '2.0.0' ],
157 silly audit   acorn: [ '8.16.0' ],
157 silly audit   'acorn-jsx': [ '5.3.2' ],
157 silly audit   'acorn-walk': [ '8.3.5' ],
157 silly audit   'agent-base': [ '7.1.4' ],
157 silly audit   'ajv-formats': [ '3.0.1' ],
157 silly audit   'ansi-regex': [ '6.2.2', '5.0.1' ],
157 silly audit   'ansi-styles': [ '4.3.0' ],
157 silly audit   ansis: [ '4.2.0' ],
157 silly audit   arg: [ '4.1.3' ],
157 silly audit   argparse: [ '2.0.1' ],
157 silly audit   'aria-hidden': [ '1.2.6' ],
157 silly audit   'aria-query': [ '5.3.2' ],
157 silly audit   'array-buffer-byte-length': [ '1.0.2' ],
157 silly audit   'array-includes': [ '3.1.9' ],
157 silly audit   'array.prototype.findlast': [ '1.2.5' ],
157 silly audit   'array.prototype.findlastindex': [ '1.2.6' ],
157 silly audit   'array.prototype.flat': [ '1.3.3' ],
157 silly audit   'array.prototype.flatmap': [ '1.3.3' ],
157 silly audit   'array.prototype.tosorted': [ '1.1.4' ],
157 silly audit   'arraybuffer.prototype.slice': [ '1.0.4' ],
157 silly audit   'ast-types': [ '0.16.1' ],
157 silly audit   'ast-types-flow': [ '0.0.8' ],
157 silly audit   'async-function': [ '1.0.0' ],
157 silly audit   'available-typed-arrays': [ '1.0.7' ],
157 silly audit   'axe-core': [ '4.11.1' ],
157 silly audit   'axobject-query': [ '4.1.0' ],
157 silly audit   'baseline-browser-mapping': [ '2.10.0' ],
157 silly audit   bcryptjs: [ '3.0.3' ],
157 silly audit   'body-parser': [ '2.2.2' ],
157 silly audit   braces: [ '3.0.3' ],
157 silly audit   browserslist: [ '4.28.1' ],
157 silly audit   'bundle-name': [ '4.1.0' ],
157 silly audit   bytes: [ '3.1.2' ],
157 silly audit   'call-bind': [ '1.0.8' ],
157 silly audit   'call-bind-apply-helpers': [ '1.0.2' ],
157 silly audit   'call-bound': [ '1.0.4' ],
157 silly audit   callsites: [ '3.1.0' ],
157 silly audit   'caniuse-lite': [ '1.0.30001774' ],
157 silly audit   chalk: [ '4.1.2', '5.6.2' ],
157 silly audit   'class-variance-authority': [ '0.7.1' ],
157 silly audit   'cli-cursor': [ '5.0.0' ],
157 silly audit   'cli-spinners': [ '2.9.2' ],
157 silly audit   'cli-width': [ '4.1.0' ],
157 silly audit   'client-only': [ '0.0.1' ],
157 silly audit   cliui: [ '8.0.1' ],
157 silly audit   'emoji-regex': [ '8.0.0', '9.2.2', '10.6.0' ],
157 silly audit   'string-width': [ '4.2.3', '7.2.0' ],
157 silly audit   'strip-ansi': [ '6.0.1', '7.2.0' ],
157 silly audit   'wrap-ansi': [ '7.0.0', '6.2.0' ],
157 silly audit   clsx: [ '2.1.1' ],
157 silly audit   'code-block-writer': [ '13.0.3' ],
157 silly audit   'color-convert': [ '2.0.1' ],
157 silly audit   'color-name': [ '1.1.4' ],
157 silly audit   'concat-map': [ '0.0.1' ],
157 silly audit   'content-disposition': [ '1.0.1' ],
157 silly audit   'content-type': [ '1.0.5' ],
157 silly audit   'convert-source-map': [ '2.0.0' ],
157 silly audit   cookie: [ '0.7.2', '1.1.1' ],
157 silly audit   'cookie-signature': [ '1.2.2' ],
157 silly audit   cors: [ '2.8.6' ],
157 silly audit   cosmiconfig: [ '9.0.0' ],
157 silly audit   'create-require': [ '1.1.1' ],
157 silly audit   'cross-spawn': [ '7.0.6' ],
157 silly audit   cssesc: [ '3.0.0' ],
157 silly audit   csstype: [ '3.2.3' ],
157 silly audit   'damerau-levenshtein': [ '1.0.8' ],
157 silly audit   'data-uri-to-buffer': [ '4.0.1' ],
157 silly audit   'data-view-buffer': [ '1.0.2' ],
157 silly audit   'data-view-byte-length': [ '1.0.2' ],
157 silly audit   'data-view-byte-offset': [ '1.0.1' ],
157 silly audit   debug: [ '4.4.3', '3.2.7' ],
157 silly audit   dedent: [ '1.7.1' ],
157 silly audit   'deep-is': [ '0.1.4' ],
157 silly audit   deepmerge: [ '4.3.1' ],
157 silly audit   'default-browser': [ '5.5.0' ],
157 silly audit   'default-browser-id': [ '5.0.1' ],
157 silly audit   'define-data-property': [ '1.1.4' ],
157 silly audit   'define-lazy-prop': [ '3.0.0' ],
157 silly audit   'define-properties': [ '1.2.1' ],
157 silly audit   depd: [ '2.0.0' ],
157 silly audit   'detect-libc': [ '2.1.2' ],
157 silly audit   'detect-node-es': [ '1.1.0' ],
157 silly audit   diff: [ '4.0.4', '8.0.3' ],
157 silly audit   doctrine: [ '2.1.0' ],
157 silly audit   'dunder-proto': [ '1.0.1' ],
157 silly audit   eciesjs: [ '0.4.17' ],
157 silly audit   'ee-first': [ '1.1.1' ],
157 silly audit   'electron-to-chromium': [ '1.5.302' ],
157 silly audit   encodeurl: [ '2.0.0' ],
157 silly audit   'enhanced-resolve': [ '5.19.0' ],
157 silly audit   'env-paths': [ '2.2.1' ],
157 silly audit   'error-ex': [ '1.3.4' ],
157 silly audit   'es-abstract': [ '1.24.1' ],
157 silly audit   'es-define-property': [ '1.0.1' ],
157 silly audit   'es-errors': [ '1.3.0' ],
157 silly audit   'es-iterator-helpers': [ '1.2.2' ],
157 silly audit   'es-object-atoms': [ '1.1.1' ],
157 silly audit   'es-set-tostringtag': [ '2.1.0' ],
157 silly audit   'es-shim-unscopables': [ '1.1.0' ],
157 silly audit   'es-to-primitive': [ '1.3.0' ],
157 silly audit   escalade: [ '3.2.0' ],
157 silly audit   'escape-html': [ '1.0.3' ],
157 silly audit   'escape-string-regexp': [ '4.0.0' ],
157 silly audit   eslint: [ '9.39.3' ],
157 silly audit   'eslint-config-next': [ '16.1.6' ],
157 silly audit   globals: [ '16.4.0', '14.0.0' ],
157 silly audit   'eslint-import-resolver-node': [ '0.3.9' ],
157 silly audit   'eslint-import-resolver-typescript': [ '3.10.1' ],
157 silly audit   'eslint-module-utils': [ '2.12.1' ],
157 silly audit   'eslint-plugin-import': [ '2.32.0' ],
157 silly audit   'eslint-plugin-jsx-a11y': [ '6.10.2' ],
157 silly audit   'eslint-plugin-react': [ '7.37.5' ],
157 silly audit   'eslint-plugin-react-hooks': [ '7.0.1' ],
157 silly audit   resolve: [ '2.0.0-next.6', '1.22.11' ],
157 silly audit   'eslint-scope': [ '8.4.0' ],
157 silly audit   espree: [ '10.4.0' ],
157 silly audit   esprima: [ '4.0.1' ],
157 silly audit   esquery: [ '1.7.0' ],
157 silly audit   esrecurse: [ '4.3.0' ],
157 silly audit   estraverse: [ '5.3.0' ],
157 silly audit   esutils: [ '2.0.3' ],
157 silly audit   etag: [ '1.8.1' ],
157 silly audit   eventsource: [ '3.0.7' ],
157 silly audit   'eventsource-parser': [ '3.0.6' ],
157 silly audit   express: [ '5.2.1' ],
157 silly audit   'express-rate-limit': [ '8.2.1' ],
157 silly audit   'fast-deep-equal': [ '3.1.3' ],
157 silly audit   'fast-json-stable-stringify': [ '2.1.0' ],
157 silly audit   'fast-levenshtein': [ '2.0.6' ],
157 silly audit   'fast-uri': [ '3.1.0' ],
157 silly audit   fastq: [ '1.20.1' ],
157 silly audit   'fetch-blob': [ '3.2.0' ],
157 silly audit   figures: [ '6.1.0' ],
157 silly audit   'file-entry-cache': [ '8.0.0' ],
157 silly audit   'fill-range': [ '7.1.1' ],
157 silly audit   finalhandler: [ '2.1.1' ],
157 silly audit   'find-up': [ '5.0.0' ],
157 silly audit   'flat-cache': [ '4.0.1' ],
157 silly audit   flatted: [ '3.3.3' ],
157 silly audit   'for-each': [ '0.3.5' ],
157 silly audit   'formdata-polyfill': [ '4.0.10' ],
157 silly audit   forwarded: [ '0.2.0' ],
157 silly audit   fresh: [ '2.0.0' ],
157 silly audit   'fs-extra': [ '11.3.3' ],
157 silly audit   fsevents: [ '2.3.3' ],
157 silly audit   'function-bind': [ '1.1.2' ],
157 silly audit   'function.prototype.name': [ '1.1.8' ],
157 silly audit   'functions-have-names': [ '1.2.3' ],
157 silly audit   fuzzysort: [ '3.1.0' ],
157 silly audit   fzf: [ '0.5.2' ],
157 silly audit   'generator-function': [ '2.0.1' ],
157 silly audit   gensync: [ '1.0.0-beta.2' ],
157 silly audit   'get-caller-file': [ '2.0.5' ],
157 silly audit   'get-east-asian-width': [ '1.5.0' ],
157 silly audit   'get-intrinsic': [ '1.3.0' ],
157 silly audit   'get-nonce': [ '1.0.1' ],
157 silly audit   'get-own-enumerable-keys': [ '1.0.0' ],
157 silly audit   'get-proto': [ '1.0.1' ],
157 silly audit   'get-symbol-description': [ '1.1.0' ],
157 silly audit   'get-tsconfig': [ '4.13.6' ],
157 silly audit   globalthis: [ '1.0.4' ],
157 silly audit   gopd: [ '1.2.0' ],
157 silly audit   'graceful-fs': [ '4.2.11' ],
157 silly audit   graphql: [ '16.13.0' ],
157 silly audit   'has-bigints': [ '1.1.0' ],
157 silly audit   'has-flag': [ '4.0.0' ],
157 silly audit   'has-property-descriptors': [ '1.0.2' ],
157 silly audit   'has-proto': [ '1.2.0' ],
157 silly audit   'has-symbols': [ '1.1.0' ],
157 silly audit   'has-tostringtag': [ '1.0.2' ],
157 silly audit   hasown: [ '2.0.2' ],
157 silly audit   'headers-polyfill': [ '4.0.3' ],
157 silly audit   'hermes-estree': [ '0.25.1' ],
157 silly audit   'hermes-parser': [ '0.25.1' ],
157 silly audit   hono: [ '4.11.4' ],
157 silly audit   'http-errors': [ '2.0.1' ],
157 silly audit   'https-proxy-agent': [ '7.0.6' ],
157 silly audit   'iconv-lite': [ '0.7.2' ],
157 silly audit   'import-fresh': [ '3.3.1' ],
157 silly audit   imurmurhash: [ '0.1.4' ],
157 silly audit   inherits: [ '2.0.4' ],
157 silly audit   'internal-slot': [ '1.1.0' ],
157 silly audit   'ip-address': [ '10.0.1' ],
157 silly audit   'ipaddr.js': [ '1.9.1' ],
157 silly audit   'is-array-buffer': [ '3.0.5' ],
157 silly audit   'is-arrayish': [ '0.2.1' ],
157 silly audit   'is-async-function': [ '2.1.1' ],
157 silly audit   'is-bigint': [ '1.1.0' ],
157 silly audit   'is-boolean-object': [ '1.2.2' ],
157 silly audit   'is-bun-module': [ '2.0.0' ],
157 silly audit   'is-callable': [ '1.2.7' ],
157 silly audit   'is-core-module': [ '2.16.1' ],
157 silly audit   'is-data-view': [ '1.0.2' ],
157 silly audit   'is-date-object': [ '1.1.0' ],
157 silly audit   'is-docker': [ '3.0.0' ],
157 silly audit   'is-extglob': [ '2.1.1' ],
157 silly audit   'is-finalizationregistry': [ '1.1.1' ],
157 silly audit   'is-fullwidth-code-point': [ '3.0.0' ],
157 silly audit   'is-generator-function': [ '1.1.2' ],
157 silly audit   'is-glob': [ '4.0.3' ],
157 silly audit   'is-in-ssh': [ '1.0.0' ],
157 silly audit   'is-inside-container': [ '1.0.0' ],
157 silly audit   'is-interactive': [ '2.0.0' ],
157 silly audit   'is-map': [ '2.0.3' ],
157 silly audit   'is-negative-zero': [ '2.0.3' ],
157 silly audit   'is-node-process': [ '1.2.0' ],
157 silly audit   'is-number': [ '7.0.0' ],
157 silly audit   'is-number-object': [ '1.1.1' ],
157 silly audit   'is-obj': [ '3.0.0' ],
157 silly audit   'is-plain-obj': [ '4.1.0' ],
157 silly audit   'is-promise': [ '4.0.0' ],
157 silly audit   'is-regex': [ '1.2.1' ],
157 silly audit   'is-regexp': [ '3.1.0' ],
157 silly audit   'is-set': [ '2.0.3' ],
157 silly audit   'is-shared-array-buffer': [ '1.0.4' ],
157 silly audit   'is-string': [ '1.1.1' ],
157 silly audit   'is-symbol': [ '1.1.1' ],
157 silly audit   'is-typed-array': [ '1.1.15' ],
157 silly audit   'is-unicode-supported': [ '2.1.0', '1.3.0' ],
157 silly audit   'is-weakmap': [ '2.0.2' ],
157 silly audit   'is-weakref': [ '1.1.1' ],
157 silly audit   'is-weakset': [ '2.0.4' ],
157 silly audit   'is-wsl': [ '3.1.1' ],
157 silly audit   isarray: [ '2.0.5' ],
157 silly audit   'iterator.prototype': [ '1.1.5' ],
157 silly audit   jiti: [ '2.6.1' ],
157 silly audit   'js-tokens': [ '4.0.0' ],
157 silly audit   'js-yaml': [ '4.1.1' ],
157 silly audit   jsesc: [ '3.1.0' ],
157 silly audit   'json-buffer': [ '3.0.1' ],
157 silly audit   'json-parse-even-better-errors': [ '2.3.1' ],
157 silly audit   'json-schema-typed': [ '8.0.2' ],
157 silly audit   'json-stable-stringify-without-jsonify': [ '1.0.1' ],
157 silly audit   json5: [ '2.2.3', '1.0.2' ],
157 silly audit   jsonfile: [ '6.2.0' ],
157 silly audit   'jsx-ast-utils': [ '3.3.5' ],
157 silly audit   keyv: [ '4.5.4' ],
157 silly audit   kleur: [ '4.1.5', '3.0.3' ],
157 silly audit   'language-subtag-registry': [ '0.3.23' ],
157 silly audit   'language-tags': [ '1.0.9' ],
157 silly audit   levn: [ '0.4.1' ],
157 silly audit   lightningcss: [ '1.31.1' ],
157 silly audit   'lightningcss-android-arm64': [ '1.31.1' ],
157 silly audit   'lightningcss-darwin-arm64': [ '1.31.1' ],
157 silly audit   'lightningcss-darwin-x64': [ '1.31.1' ],
157 silly audit   'lightningcss-freebsd-x64': [ '1.31.1' ],
157 silly audit   'lightningcss-linux-arm-gnueabihf': [ '1.31.1' ],
157 silly audit   'lightningcss-linux-arm64-gnu': [ '1.31.1' ],
157 silly audit   'lightningcss-linux-arm64-musl': [ '1.31.1' ],
157 silly audit   'lightningcss-linux-x64-gnu': [ '1.31.1' ],
157 silly audit   'lightningcss-linux-x64-musl': [ '1.31.1' ],
157 silly audit   'lightningcss-win32-arm64-msvc': [ '1.31.1' ],
157 silly audit   'lightningcss-win32-x64-msvc': [ '1.31.1' ],
157 silly audit   'lines-and-columns': [ '1.2.4' ],
157 silly audit   'locate-path': [ '6.0.0' ],
157 silly audit   'lodash.merge': [ '4.6.2' ],
157 silly audit   'log-symbols': [ '6.0.0' ],
157 silly audit   'loose-envify': [ '1.4.0' ],
157 silly audit   'lru-cache': [ '5.1.1', '6.0.0' ],
157 silly audit   'lucide-react': [ '0.575.0' ],
157 silly audit   'magic-string': [ '0.30.21' ],
157 silly audit   'make-error': [ '1.3.6' ],
157 silly audit   'math-intrinsics': [ '1.1.0' ],
157 silly audit   'media-typer': [ '1.1.0' ],
157 silly audit   'merge-descriptors': [ '2.0.0' ],
157 silly audit   'merge-stream': [ '2.0.0' ],
157 silly audit   merge2: [ '1.4.1' ],
157 silly audit   micromatch: [ '4.0.8' ],
157 silly audit   'mime-db': [ '1.54.0' ],
157 silly audit   'mime-types': [ '3.0.2' ],
157 silly audit   'mimic-fn': [ '2.1.0' ],
157 silly audit   'mimic-function': [ '5.0.1' ],
157 silly audit   minimist: [ '1.2.8' ],
157 silly audit   ms: [ '2.1.3' ],
157 silly audit   msw: [ '2.12.10' ],
157 silly audit   'mute-stream': [ '2.0.0' ],
157 silly audit   nanoid: [ '3.3.11' ],
157 silly audit   'napi-postinstall': [ '0.3.4' ],
157 silly audit   'natural-compare': [ '1.4.0' ],
157 silly audit   negotiator: [ '1.0.0' ],
157 silly audit   next: [ '16.1.6' ],
157 silly audit   'next-auth': [ '4.24.13' ],
157 silly audit   postcss: [ '8.4.31', '8.5.6' ],
157 silly audit   'node-domexception': [ '1.0.0' ],
157 silly audit   'node-exports-info': [ '1.6.0' ],
157 silly audit   'node-fetch': [ '3.3.2' ],
157 silly audit   'node-releases': [ '2.0.27' ],
157 silly audit   'path-key': [ '4.0.0', '3.1.1' ],
157 silly audit   oauth: [ '0.9.15' ],
157 silly audit   'object-assign': [ '4.1.1' ],
157 silly audit   'object-hash': [ '2.2.0' ],
157 silly audit   'object-inspect': [ '1.13.4' ],
157 silly audit   'object-keys': [ '1.1.1' ],
157 silly audit   'object-treeify': [ '1.1.33' ],
157 silly audit   'object.assign': [ '4.1.7' ],
157 silly audit   'object.entries': [ '1.1.9' ],
157 silly audit   'object.fromentries': [ '2.0.8' ],
157 silly audit   'object.groupby': [ '1.0.3' ],
157 silly audit   'object.values': [ '1.2.1' ],
157 silly audit   'oidc-token-hash': [ '5.2.0' ],
157 silly audit   'on-finished': [ '2.4.1' ],
157 silly audit   once: [ '1.4.0' ],
157 silly audit   open: [ '11.0.0' ],
157 silly audit   'openid-client': [ '5.7.1' ],
157 silly audit   yallist: [ '4.0.0', '3.1.1' ],
157 silly audit   optionator: [ '0.9.4' ],
157 silly audit   ora: [ '8.2.0' ],
157 silly audit   outvariant: [ '1.4.3' ],
157 silly audit   'own-keys': [ '1.0.1' ],
157 silly audit   'p-limit': [ '3.1.0' ],
157 silly audit   'p-locate': [ '5.0.0' ],
157 silly audit   'package-manager-detector': [ '1.6.0' ],
157 silly audit   'parent-module': [ '1.0.1' ],
157 silly audit   'parse-json': [ '5.2.0' ],
157 silly audit   'parse-ms': [ '4.0.0' ],
157 silly audit   parseurl: [ '1.3.3' ],
157 silly audit   'path-browserify': [ '1.0.1' ],
157 silly audit   'path-exists': [ '4.0.0' ],
157 silly audit   'path-parse': [ '1.0.7' ],
157 silly audit   'path-to-regexp': [ '6.3.0', '8.3.0' ],
157 silly audit   picocolors: [ '1.1.1' ],
157 silly audit   'pkce-challenge': [ '5.0.1' ],
157 silly audit   'possible-typed-array-names': [ '1.1.0' ],
157 silly audit   'postcss-selector-parser': [ '7.1.1' ],
157 silly audit   'powershell-utils': [ '0.1.0' ],
157 silly audit   preact: [ '10.28.4' ],
157 silly audit   'preact-render-to-string': [ '5.2.6' ],
157 silly audit   'prelude-ls': [ '1.2.1' ],
157 silly audit   'pretty-format': [ '3.8.0' ],
157 silly audit   'pretty-ms': [ '9.3.0' ],
157 silly audit   prisma: [ '5.22.0' ],
157 silly audit   prompts: [ '2.4.2' ],
157 silly audit   'prop-types': [ '15.8.1' ],
157 silly audit   'proxy-addr': [ '2.0.7' ],
157 silly audit   punycode: [ '2.3.1' ],
157 silly audit   qs: [ '6.15.0' ],
157 silly audit   'queue-microtask': [ '1.2.3' ],
157 silly audit   'radix-ui': [ '1.4.3' ],
157 silly audit   'range-parser': [ '1.2.1' ],
157 silly audit   'raw-body': [ '3.0.2' ],
157 silly audit   react: [ '19.2.3' ],
157 silly audit   'react-dom': [ '19.2.3' ],
157 silly audit   'react-is': [ '16.13.1' ],
157 silly audit   'react-remove-scroll': [ '2.7.2' ],
157 silly audit   'react-remove-scroll-bar': [ '2.3.8' ],
157 silly audit   'react-style-singleton': [ '2.2.3' ],
157 silly audit   recast: [ '0.23.11' ],
157 silly audit   'reflect.getprototypeof': [ '1.0.10' ],
157 silly audit   'regexp.prototype.flags': [ '1.5.4' ],
157 silly audit   'require-directory': [ '2.1.1' ],
157 silly audit   'require-from-string': [ '2.0.2' ],
157 silly audit   'resolve-from': [ '4.0.0' ],
157 silly audit   'resolve-pkg-maps': [ '1.0.0' ],
157 silly audit   'restore-cursor': [ '5.1.0' ],
157 silly audit   rettime: [ '0.10.1' ],
157 silly audit   reusify: [ '1.1.0' ],
157 silly audit   router: [ '2.2.0' ],
157 silly audit   'run-applescript': [ '7.1.0' ],
157 silly audit   'run-parallel': [ '1.2.0' ],
157 silly audit   'safe-array-concat': [ '1.1.3' ],
157 silly audit   'safe-push-apply': [ '1.0.0' ],
157 silly audit   'safe-regex-test': [ '1.1.0' ],
157 silly audit   'safer-buffer': [ '2.1.2' ],
157 silly audit   scheduler: [ '0.27.0' ],
157 silly audit   send: [ '1.2.1' ],
157 silly audit   'serve-static': [ '2.2.1' ],
157 silly audit   'set-function-length': [ '1.2.2' ],
157 silly audit   'set-function-name': [ '2.0.2' ],
157 silly audit   'set-proto': [ '1.0.0' ],
157 silly audit   setprototypeof: [ '1.2.0' ],
157 silly audit   shadcn: [ '3.8.5' ],
157 silly audit   'tsconfig-paths': [ '4.2.0', '3.15.0' ],
157 silly audit   zod: [ '3.25.76', '4.3.6' ],
157 silly audit   sharp: [ '0.34.5' ],
157 silly audit   'shebang-command': [ '2.0.0' ],
157 silly audit   'shebang-regex': [ '3.0.0' ],
157 silly audit   'side-channel': [ '1.1.0' ],
157 silly audit   'side-channel-list': [ '1.0.0' ],
157 silly audit   'side-channel-map': [ '1.0.1' ],
157 silly audit   'side-channel-weakmap': [ '1.0.2' ],
157 silly audit   sisteransi: [ '1.0.5' ],
157 silly audit   'source-map': [ '0.6.1' ],
157 silly audit   'source-map-js': [ '1.2.1' ],
157 silly audit   'stable-hash': [ '0.0.5' ],
157 silly audit   statuses: [ '2.0.2' ],
157 silly audit   'stdin-discarder': [ '0.2.2' ],
157 silly audit   'stop-iteration-iterator': [ '1.1.0' ],
157 silly audit   'strict-event-emitter': [ '0.5.1' ],
157 silly audit   'string.prototype.includes': [ '2.0.1' ],
157 silly audit   'string.prototype.matchall': [ '4.0.12' ],
157 silly audit   'string.prototype.repeat': [ '1.0.0' ],
157 silly audit   'string.prototype.trim': [ '1.2.10' ],
157 silly audit   'string.prototype.trimend': [ '1.0.9' ],
157 silly audit   'string.prototype.trimstart': [ '1.0.8' ],
157 silly audit   'stringify-object': [ '5.0.0' ],
157 silly audit   'strip-bom': [ '3.0.0' ],
157 silly audit   'strip-json-comments': [ '3.1.1' ],
157 silly audit   'styled-jsx': [ '5.1.6' ],
157 silly audit   'supports-color': [ '7.2.0' ],
157 silly audit   'supports-preserve-symlinks-flag': [ '1.0.0' ],
157 silly audit   'tagged-tag': [ '1.0.0' ],
157 silly audit   'tailwind-merge': [ '3.5.0' ],
157 silly audit   tailwindcss: [ '4.2.1' ],
157 silly audit   tapable: [ '2.3.0' ],
157 silly audit   'tiny-invariant': [ '1.3.3' ],
157 silly audit   tinyexec: [ '1.0.2' ],
157 silly audit   tinyglobby: [ '0.2.15' ],
157 silly audit   tldts: [ '7.0.23' ],
157 silly audit   'tldts-core': [ '7.0.23' ],
157 silly audit   'to-regex-range': [ '5.0.1' ],
157 silly audit   toidentifier: [ '1.0.1' ],
157 silly audit   'tough-cookie': [ '6.0.0' ],
157 silly audit   'ts-api-utils': [ '2.4.0' ],
157 silly audit   'ts-morph': [ '26.0.0' ],
157 silly audit   'ts-node': [ '10.9.2' ],
157 silly audit   tslib: [ '2.8.1' ],
157 silly audit   'tw-animate-css': [ '1.4.0' ],
157 silly audit   'type-check': [ '0.4.0' ],
157 silly audit   'type-fest': [ '5.4.4' ],
157 silly audit   'type-is': [ '2.0.1' ],
157 silly audit   'typed-array-buffer': [ '1.0.3' ],
157 silly audit   'typed-array-byte-length': [ '1.0.3' ],
157 silly audit   'typed-array-byte-offset': [ '1.0.4' ],
157 silly audit   'typed-array-length': [ '1.0.7' ],
157 silly audit   typescript: [ '5.9.3' ],
157 silly audit   'typescript-eslint': [ '8.56.1' ],
157 silly audit   'unbox-primitive': [ '1.1.0' ],
157 silly audit   'undici-types': [ '6.21.0' ],
157 silly audit   'unicorn-magic': [ '0.3.0' ],
157 silly audit   universalify: [ '2.0.1' ],
157 silly audit   unpipe: [ '1.0.0' ],
157 silly audit   'unrs-resolver': [ '1.11.1' ],
157 silly audit   'until-async': [ '3.0.2' ],
157 silly audit   'update-browserslist-db': [ '1.2.3' ],
157 silly audit   'uri-js': [ '4.4.1' ],
157 silly audit   'use-callback-ref': [ '1.3.3' ],
157 silly audit   'use-sidecar': [ '1.1.3' ],
157 silly audit   'use-sync-external-store': [ '1.6.0' ],
157 silly audit   'util-deprecate': [ '1.0.2' ],
157 silly audit   uuid: [ '8.3.2' ],
157 silly audit   'v8-compile-cache-lib': [ '3.0.1' ],
157 silly audit   'validate-npm-package-name': [ '7.0.2' ],
157 silly audit   vary: [ '1.1.2' ],
157 silly audit   'web-streams-polyfill': [ '3.3.3' ],
157 silly audit   'which-boxed-primitive': [ '1.1.1' ],
157 silly audit   'which-builtin-type': [ '1.2.1' ],
157 silly audit   'which-collection': [ '1.0.2' ],
157 silly audit   'which-typed-array': [ '1.1.20' ],
157 silly audit   'word-wrap': [ '1.2.5' ],
157 silly audit   wrappy: [ '1.0.2' ],
157 silly audit   'wsl-utils': [ '0.3.1' ],
157 silly audit   y18n: [ '5.0.8' ],
157 silly audit   yargs: [ '17.7.2' ],
157 silly audit   'yargs-parser': [ '21.1.1' ],
157 silly audit   yn: [ '3.1.1' ],
157 silly audit   'yocto-queue': [ '0.1.0' ],
157 silly audit   yoctocolors: [ '2.1.2' ],
157 silly audit   'yoctocolors-cjs': [ '2.1.3' ],
157 silly audit   'zod-to-json-schema': [ '3.25.1' ],
157 silly audit   'zod-validation-error': [ '4.0.2' ],
157 silly audit   tsx: [ '4.21.0' ],
157 silly audit   esbuild: [ '0.27.3' ],
157 silly audit   '@esbuild/aix-ppc64': [ '0.27.3' ],
157 silly audit   '@esbuild/android-arm': [ '0.27.3' ],
157 silly audit   '@esbuild/android-arm64': [ '0.27.3' ],
157 silly audit   '@esbuild/android-x64': [ '0.27.3' ],
157 silly audit   '@esbuild/darwin-arm64': [ '0.27.3' ],
157 silly audit   '@esbuild/darwin-x64': [ '0.27.3' ],
157 silly audit   '@esbuild/freebsd-arm64': [ '0.27.3' ],
157 silly audit   '@esbuild/freebsd-x64': [ '0.27.3' ],
157 silly audit   '@esbuild/linux-arm': [ '0.27.3' ],
157 silly audit   '@esbuild/linux-arm64': [ '0.27.3' ],
157 silly audit   '@esbuild/linux-ia32': [ '0.27.3' ],
157 silly audit   '@esbuild/linux-loong64': [ '0.27.3' ],
157 silly audit   '@esbuild/linux-mips64el': [ '0.27.3' ],
157 silly audit   '@esbuild/linux-ppc64': [ '0.27.3' ],
157 silly audit   '@esbuild/linux-riscv64': [ '0.27.3' ],
157 silly audit   '@esbuild/linux-s390x': [ '0.27.3' ],
157 silly audit   '@esbuild/linux-x64': [ '0.27.3' ],
157 silly audit   '@esbuild/netbsd-arm64': [ '0.27.3' ],
157 silly audit   '@esbuild/netbsd-x64': [ '0.27.3' ],
157 silly audit   '@esbuild/openbsd-arm64': [ '0.27.3' ],
157 silly audit   '@esbuild/openbsd-x64': [ '0.27.3' ],
157 silly audit   '@esbuild/openharmony-arm64': [ '0.27.3' ],
157 silly audit   '@esbuild/sunos-x64': [ '0.27.3' ],
157 silly audit   '@esbuild/win32-arm64': [ '0.27.3' ],
157 silly audit   '@esbuild/win32-ia32': [ '0.27.3' ],
157 silly audit   '@esbuild/win32-x64': [ '0.27.3' ]
157 silly audit }
158 http cache @esbuild/darwin-arm64@https://registry.npmjs.org/@esbuild/darwin-arm64/-/darwin-arm64-0.27.3.tgz 0ms (cache hit)
159 http cache tsx@https://registry.npmjs.org/tsx/-/tsx-4.21.0.tgz 0ms (cache hit)
160 http cache esbuild@https://registry.npmjs.org/esbuild/-/esbuild-0.27.3.tgz 0ms (cache hit)
161 silly tarball no local data for tsx@https://registry.npmjs.org/tsx/-/tsx-4.21.0.tgz. Extracting by manifest.
162 silly tarball no local data for @esbuild/darwin-arm64@https://registry.npmjs.org/@esbuild/darwin-arm64/-/darwin-arm64-0.27.3.tgz. Extracting by manifest.
163 silly tarball no local data for esbuild@https://registry.npmjs.org/esbuild/-/esbuild-0.27.3.tgz. Extracting by manifest.
164 http fetch GET 200 https://registry.npmjs.org/esbuild/-/esbuild-0.27.3.tgz 115ms (cache miss)
165 http fetch GET 200 https://registry.npmjs.org/tsx/-/tsx-4.21.0.tgz 190ms (cache miss)
166 http fetch POST 200 https://registry.npmjs.org/-/npm/v1/security/advisories/bulk 323ms
167 silly audit report {
167 silly audit report   hono: [
167 silly audit report     {
167 silly audit report       id: 1112644,
167 silly audit report       url: 'https://github.com/advisories/GHSA-9r54-q6cx-xmh5',
167 silly audit report       title: 'Hono vulnerable to XSS through ErrorBoundary component ',
167 silly audit report       severity: 'moderate',
167 silly audit report       vulnerable_versions: '<4.11.7',
167 silly audit report       cwe: [Array],
167 silly audit report       cvss: [Object]
167 silly audit report     },
167 silly audit report     {
167 silly audit report       id: 1112677,
167 silly audit report       url: 'https://github.com/advisories/GHSA-6wqw-2p9w-4vw4',
167 silly audit report       title: 'Hono cache middleware ignores "Cache-Control: private" leading to Web Cache Deception',
167 silly audit report       severity: 'moderate',
167 silly audit report       vulnerable_versions: '<4.11.7',
167 silly audit report       cwe: [Array],
167 silly audit report       cvss: [Object]
167 silly audit report     },
167 silly audit report     {
167 silly audit report       id: 1112678,
167 silly audit report       url: 'https://github.com/advisories/GHSA-r354-f388-2fhh',
167 silly audit report       title: 'Hono IPv4 address validation bypass in IP Restriction Middleware allows IP spoofing',
167 silly audit report       severity: 'moderate',
167 silly audit report       vulnerable_versions: '<4.11.7',
167 silly audit report       cwe: [Array],
167 silly audit report       cvss: [Object]
167 silly audit report     },
167 silly audit report     {
167 silly audit report       id: 1112911,
167 silly audit report       url: 'https://github.com/advisories/GHSA-w332-q679-j88p',
167 silly audit report       title: 'Hono has an Arbitrary Key Read in Serve static Middleware (Cloudflare Workers Adapter)',
167 silly audit report       severity: 'moderate',
167 silly audit report       vulnerable_versions: '<4.11.7',
167 silly audit report       cwe: [Array],
167 silly audit report       cvss: [Object]
167 silly audit report     },
167 silly audit report     {
167 silly audit report       id: 1113311,
167 silly audit report       url: 'https://github.com/advisories/GHSA-gq3j-xvxp-8hrf',
167 silly audit report       title: 'Hono added timing comparison hardening in basicAuth and bearerAuth',
167 silly audit report       severity: 'low',
167 silly audit report       vulnerable_versions: '<4.11.10',
167 silly audit report       cwe: [Array],
167 silly audit report       cvss: [Object]
167 silly audit report     }
167 silly audit report   ]
167 silly audit report }
168 silly packumentCache corgi:https://registry.npmjs.org/hono cache-miss
169 http fetch GET 200 https://registry.npmjs.org/hono 1035ms (cache revalidated)
170 silly packumentCache corgi:https://registry.npmjs.org/hono set size:674823 disposed:false
171 silly packumentCache corgi:https://registry.npmjs.org/@hono%2fnode-server cache-miss
172 silly packumentCache corgi:https://registry.npmjs.org/@modelcontextprotocol%2fsdk cache-miss
173 http fetch GET 200 https://registry.npmjs.org/@hono%2fnode-server 374ms (cache revalidated)
174 silly packumentCache corgi:https://registry.npmjs.org/@hono%2fnode-server set size:79772 disposed:false
175 http fetch GET 200 https://registry.npmjs.org/@modelcontextprotocol%2fsdk 380ms (cache revalidated)
176 silly packumentCache corgi:https://registry.npmjs.org/@modelcontextprotocol%2fsdk set size:111890 disposed:false
177 http fetch GET 200 https://registry.npmjs.org/@esbuild/darwin-arm64/-/darwin-arm64-0.27.3.tgz 2554ms (cache miss)
178 info run esbuild@0.27.3 postinstall node_modules/esbuild node install.js
179 info run esbuild@0.27.3 postinstall { code: 0, signal: null }
180 silly ADD node_modules/@esbuild/darwin-arm64
181 silly ADD node_modules/esbuild
182 silly ADD node_modules/tsx
183 verbose cwd /Users/kumareshsingha/Hold Up Retail Solutions
184 verbose os Darwin 25.2.0
185 verbose node v24.14.0
186 verbose npm  v11.9.0
187 verbose exit 0
188 info ok
